[0.032s] Invoking command in '/home/avees/RTCSA_2024/src/merger/build/monitor': CMAKE_PREFIX_PATH=${CMAKE_PREFIX_PATH}:/opt/ros/foxy /usr/bin/cmake --build /home/avees/RTCSA_2024/src/merger/build/monitor -- -j6 -l6
[0.130s] [35m[1mScanning dependencies of target demo_library[0m
[0.193s] [ 25%] [32mBuilding CXX object CMakeFiles/demo_library.dir/src/demo.cpp.o[0m
[6.216s] [01m[K/home/avees/RTCSA_2024/src/merger/src/demo.cpp:[m[K In member function ‘[01m[Kvoid MonitorDemo::image_callback(sensor_msgs::msg::Image_<std::allocator<void> >::SharedPtr)[m[K’:
[6.216s] [01m[K/home/avees/RTCSA_2024/src/merger/src/demo.cpp:47:75:[m[K [01;35m[Kwarning: [m[Kunused parameter ‘[01m[Kimage[m[K’ [[01;35m[K-Wunused-parameter[m[K]
[6.216s]    47 | void MonitorDemo::image_callback([01;35m[Kconst sensor_msgs::msg::Image::SharedPtr image[m[K)
[6.217s]       |                                  [01;35m[K~~~~~~~~~~~~~~~~~~~~~~~~~~~~~~~~~~~~~~~~~^~~~~[m[K
[6.260s] [01m[K/home/avees/RTCSA_2024/src/merger/src/demo.cpp:[m[K In member function ‘[01m[Kvoid MonitorDemo::simpleDBSCAN(std::vector<BoundingBox>, double, int)[m[K’:
[6.260s] [01m[K/home/avees/RTCSA_2024/src/merger/src/demo.cpp:237:30:[m[K [01;35m[Kwarning: [m[Kcomparison of integer expressions of different signedness: ‘[01m[Kstd::vector<long unsigned int>::size_type[m[K’ {aka ‘[01m[Klong unsigned int[m[K’} and ‘[01m[Kint[m[K’ [[01;35m[K-Wsign-compare[m[K]
[6.260s]   237 |         if ([01;35m[Kneighbors.size() < minPts[m[K) continue;
[6.261s]       |             [01;35m[K~~~~~~~~~~~~~~~~~^~~~~~~~[m[K
[19.299s] [ 50%] [32m[1mLinking CXX shared library libdemo_library.so[0m
[20.349s] [ 50%] Built target demo_library
[20.419s] [ 75%] [32m[1mLinking CXX executable demo_node[0m
[21.463s] [100%] Built target demo_node
[21.609s] Invoked command in '/home/avees/RTCSA_2024/src/merger/build/monitor' returned '0': CMAKE_PREFIX_PATH=${CMAKE_PREFIX_PATH}:/opt/ros/foxy /usr/bin/cmake --build /home/avees/RTCSA_2024/src/merger/build/monitor -- -j6 -l6
[21.696s] Invoking command in '/home/avees/RTCSA_2024/src/merger/build/monitor': CMAKE_PREFIX_PATH=${CMAKE_PREFIX_PATH}:/opt/ros/foxy /usr/bin/cmake --install /home/avees/RTCSA_2024/src/merger/build/monitor
[21.715s] -- Install configuration: ""
[21.715s] -- Installing: /home/avees/RTCSA_2024/src/merger/install/monitor/lib/libdemo_library.so
[21.726s] -- Set runtime path of "/home/avees/RTCSA_2024/src/merger/install/monitor/lib/libdemo_library.so" to ""
[21.726s] -- Installing: /home/avees/RTCSA_2024/src/merger/install/monitor/lib/monitor/demo_node
[21.727s] -- Set runtime path of "/home/avees/RTCSA_2024/src/merger/install/monitor/lib/monitor/demo_node" to ""
[21.727s] -- Up-to-date: /home/avees/RTCSA_2024/src/merger/install/monitor/share/ament_index/resource_index/package_run_dependencies/monitor
[21.727s] -- Up-to-date: /home/avees/RTCSA_2024/src/merger/install/monitor/share/ament_index/resource_index/parent_prefix_path/monitor
[21.728s] -- Up-to-date: /home/avees/RTCSA_2024/src/merger/install/monitor/share/monitor/environment/ament_prefix_path.sh
[21.728s] -- Up-to-date: /home/avees/RTCSA_2024/src/merger/install/monitor/share/monitor/environment/ament_prefix_path.dsv
[21.728s] -- Up-to-date: /home/avees/RTCSA_2024/src/merger/install/monitor/share/monitor/environment/path.sh
[21.728s] -- Up-to-date: /home/avees/RTCSA_2024/src/merger/install/monitor/share/monitor/environment/path.dsv
[21.728s] -- Up-to-date: /home/avees/RTCSA_2024/src/merger/install/monitor/share/monitor/local_setup.bash
[21.728s] -- Up-to-date: /home/avees/RTCSA_2024/src/merger/install/monitor/share/monitor/local_setup.sh
[21.729s] -- Up-to-date: /home/avees/RTCSA_2024/src/merger/install/monitor/share/monitor/local_setup.zsh
[21.729s] -- Up-to-date: /home/avees/RTCSA_2024/src/merger/install/monitor/share/monitor/local_setup.dsv
[21.729s] -- Installing: /home/avees/RTCSA_2024/src/merger/install/monitor/share/monitor/package.dsv
[21.729s] -- Up-to-date: /home/avees/RTCSA_2024/src/merger/install/monitor/share/ament_index/resource_index/packages/monitor
[21.729s] -- Up-to-date: /home/avees/RTCSA_2024/src/merger/install/monitor/share/monitor/cmake/monitorConfig.cmake
[21.729s] -- Up-to-date: /home/avees/RTCSA_2024/src/merger/install/monitor/share/monitor/cmake/monitorConfig-version.cmake
[21.729s] -- Up-to-date: /home/avees/RTCSA_2024/src/merger/install/monitor/share/monitor/package.xml
[21.738s] Invoked command in '/home/avees/RTCSA_2024/src/merger/build/monitor' returned '0': CMAKE_PREFIX_PATH=${CMAKE_PREFIX_PATH}:/opt/ros/foxy /usr/bin/cmake --install /home/avees/RTCSA_2024/src/merger/build/monitor
