[0.040s] Invoking command in '/home/avees/RTCSA_2024/src/merger/build/monitor': CMAKE_PREFIX_PATH=${CMAKE_PREFIX_PATH}:/opt/ros/foxy /usr/bin/cmake --build /home/avees/RTCSA_2024/src/merger/build/monitor -- -j6 -l6
[0.142s] [35m[1mScanning dependencies of target demo_library[0m
[0.206s] [ 25%] [32mBuilding CXX object CMakeFiles/demo_library.dir/src/demo.cpp.o[0m
[18.831s] [ 50%] [32m[1mLinking CXX shared library libdemo_library.so[0m
[19.785s] [ 50%] Built target demo_library
[19.815s] [35m[1mScanning dependencies of target demo_node[0m
[19.930s] [ 75%] [32mBuilding CXX object CMakeFiles/demo_node.dir/src/exec/demo_exec.cpp.o[0m
[28.976s] [100%] [32m[1mLinking CXX executable demo_node[0m
[30.621s] [100%] Built target demo_node
[30.772s] Invoked command in '/home/avees/RTCSA_2024/src/merger/build/monitor' returned '0': CMAKE_PREFIX_PATH=${CMAKE_PREFIX_PATH}:/opt/ros/foxy /usr/bin/cmake --build /home/avees/RTCSA_2024/src/merger/build/monitor -- -j6 -l6
[30.925s] Invoking command in '/home/avees/RTCSA_2024/src/merger/build/monitor': CMAKE_PREFIX_PATH=${CMAKE_PREFIX_PATH}:/opt/ros/foxy /usr/bin/cmake --install /home/avees/RTCSA_2024/src/merger/build/monitor
[30.962s] -- Install configuration: ""
[30.962s] -- Installing: /home/avees/RTCSA_2024/src/merger/install/monitor/lib/libdemo_library.so
[30.973s] -- Set runtime path of "/home/avees/RTCSA_2024/src/merger/install/monitor/lib/libdemo_library.so" to ""
[30.973s] -- Installing: /home/avees/RTCSA_2024/src/merger/install/monitor/lib/monitor/demo_node
[30.974s] -- Set runtime path of "/home/avees/RTCSA_2024/src/merger/install/monitor/lib/monitor/demo_node" to ""
[30.974s] -- Installing: /home/avees/RTCSA_2024/src/merger/install/monitor/share/ament_index/resource_index/package_run_dependencies/monitor
[30.975s] -- Installing: /home/avees/RTCSA_2024/src/merger/install/monitor/share/ament_index/resource_index/parent_prefix_path/monitor
[30.975s] -- Installing: /home/avees/RTCSA_2024/src/merger/install/monitor/share/monitor/environment/ament_prefix_path.sh
[30.975s] -- Installing: /home/avees/RTCSA_2024/src/merger/install/monitor/share/monitor/environment/ament_prefix_path.dsv
[30.976s] -- Installing: /home/avees/RTCSA_2024/src/merger/install/monitor/share/monitor/environment/path.sh
[30.976s] -- Installing: /home/avees/RTCSA_2024/src/merger/install/monitor/share/monitor/environment/path.dsv
[30.977s] -- Installing: /home/avees/RTCSA_2024/src/merger/install/monitor/share/monitor/local_setup.bash
[30.977s] -- Installing: /home/avees/RTCSA_2024/src/merger/install/monitor/share/monitor/local_setup.sh
[30.977s] -- Installing: /home/avees/RTCSA_2024/src/merger/install/monitor/share/monitor/local_setup.zsh
[30.978s] -- Installing: /home/avees/RTCSA_2024/src/merger/install/monitor/share/monitor/local_setup.dsv
[30.978s] -- Installing: /home/avees/RTCSA_2024/src/merger/install/monitor/share/monitor/package.dsv
[30.978s] -- Installing: /home/avees/RTCSA_2024/src/merger/install/monitor/share/ament_index/resource_index/packages/monitor
[30.979s] -- Installing: /home/avees/RTCSA_2024/src/merger/install/monitor/share/monitor/cmake/monitorConfig.cmake
[30.979s] -- Installing: /home/avees/RTCSA_2024/src/merger/install/monitor/share/monitor/cmake/monitorConfig-version.cmake
[30.979s] -- Installing: /home/avees/RTCSA_2024/src/merger/install/monitor/share/monitor/package.xml
[30.990s] Invoked command in '/home/avees/RTCSA_2024/src/merger/build/monitor' returned '0': CMAKE_PREFIX_PATH=${CMAKE_PREFIX_PATH}:/opt/ros/foxy /usr/bin/cmake --install /home/avees/RTCSA_2024/src/merger/build/monitor
