[0.629s] DEBUG:colcon:Command line arguments: ['/usr/bin/colcon', 'build']
[0.630s] DEBUG:colcon:Parsed command line arguments: Namespace(allow_overriding=[], ament_cmake_args=None, base_paths=['.'], build_base='build', catkin_cmake_args=None, catkin_skip_building_tests=False, cmake_args=None, cmake_clean_cache=False, cmake_clean_first=False, cmake_force_configure=False, cmake_target=None, cmake_target_skip_unavailable=False, continue_on_error=False, event_handlers=None, executor='parallel', ignore_user_meta=False, install_base='install', log_base=None, log_level=None, main=<bound method BuildVerb.main of <colcon_core.verb.build.BuildVerb object at 0xffffa7dbf2e0>>, merge_install=False, metas=['./colcon.meta'], packages_above=None, packages_above_and_dependencies=None, packages_above_depth=None, packages_end=None, packages_ignore=None, packages_ignore_regex=None, packages_select=None, packages_select_build_failed=False, packages_select_by_dep=None, packages_select_regex=None, packages_select_test_failures=False, packages_skip=None, packages_skip_build_finished=False, packages_skip_by_dep=None, packages_skip_regex=None, packages_skip_test_passed=False, packages_skip_up_to=None, packages_start=None, packages_up_to=None, packages_up_to_regex=None, parallel_workers=6, paths=None, symlink_install=False, test_result_base=None, verb_extension=<colcon_core.verb.build.BuildVerb object at 0xffffa7dbf2e0>, verb_name='build', verb_parser=<colcon_defaults.argument_parser.defaults.DefaultArgumentsDecorator object at 0xffffa7dbf820>)
[0.686s] Level 1:colcon.colcon_core.package_discovery:discover_packages(colcon_meta) check parameters
[0.686s] Level 1:colcon.colcon_core.package_discovery:discover_packages(recursive) check parameters
[0.686s] Level 1:colcon.colcon_core.package_discovery:discover_packages(ignore) check parameters
[0.686s] Level 1:colcon.colcon_core.package_discovery:discover_packages(path) check parameters
[0.686s] Level 1:colcon.colcon_core.package_discovery:discover_packages(colcon_meta) discover
[0.686s] Level 1:colcon.colcon_core.package_discovery:discover_packages(recursive) discover
[0.687s] INFO:colcon.colcon_core.package_discovery:Crawling recursively for packages in '/home/avees/RTCSA_2024/src/merger'
[0.687s] Level 1:colcon.colcon_core.package_identification:_identify(.) by extensions ['ignore', 'ignore_ament_install']
[0.687s] Level 1:colcon.colcon_core.package_identification:_identify(.) by extension 'ignore'
[0.687s] Level 1:colcon.colcon_core.package_identification:_identify(.) by extension 'ignore_ament_install'
[0.687s] Level 1:colcon.colcon_core.package_identification:_identify(.) by extensions ['colcon_pkg']
[0.687s] Level 1:colcon.colcon_core.package_identification:_identify(.) by extension 'colcon_pkg'
[0.687s] Level 1:colcon.colcon_core.package_identification:_identify(.) by extensions ['colcon_meta']
[0.688s] Level 1:colcon.colcon_core.package_identification:_identify(.) by extension 'colcon_meta'
[0.688s] Level 1:colcon.colcon_core.package_identification:_identify(.) by extensions ['ros']
[0.688s] Level 1:colcon.colcon_core.package_identification:_identify(.) by extension 'ros'
[0.743s] DEBUG:colcon.colcon_core.package_identification:Package '.' with type 'ros.ament_cmake' and name 'monitor'
[0.743s] Level 1:colcon.colcon_core.package_discovery:discover_packages(recursive) using defaults
[0.743s] Level 1:colcon.colcon_core.package_discovery:discover_packages(ignore) discover
[0.744s] Level 1:colcon.colcon_core.package_discovery:discover_packages(ignore) using defaults
[0.744s] Level 1:colcon.colcon_core.package_discovery:discover_packages(path) discover
[0.744s] Level 1:colcon.colcon_core.package_discovery:discover_packages(path) using defaults
[0.786s] Level 1:colcon.colcon_core.package_discovery:discover_packages(prefix_path) check parameters
[0.786s] Level 1:colcon.colcon_core.package_discovery:discover_packages(prefix_path) discover
[0.792s] DEBUG:colcon.colcon_installed_package_information.package_discovery:Found 3 installed packages in /home/avees/RTCSA_2024/install
[0.796s] DEBUG:colcon.colcon_installed_package_information.package_discovery:Found 260 installed packages in /opt/ros/foxy
[0.799s] Level 1:colcon.colcon_core.package_discovery:discover_packages(prefix_path) using defaults
[0.935s] Level 5:colcon.colcon_core.verb:set package 'monitor' build argument 'cmake_args' from command line to 'None'
[0.935s] Level 5:colcon.colcon_core.verb:set package 'monitor' build argument 'cmake_target' from command line to 'None'
[0.936s] Level 5:colcon.colcon_core.verb:set package 'monitor' build argument 'cmake_target_skip_unavailable' from command line to 'False'
[0.936s] Level 5:colcon.colcon_core.verb:set package 'monitor' build argument 'cmake_clean_cache' from command line to 'False'
[0.936s] Level 5:colcon.colcon_core.verb:set package 'monitor' build argument 'cmake_clean_first' from command line to 'False'
[0.936s] Level 5:colcon.colcon_core.verb:set package 'monitor' build argument 'cmake_force_configure' from command line to 'False'
[0.936s] Level 5:colcon.colcon_core.verb:set package 'monitor' build argument 'ament_cmake_args' from command line to 'None'
[0.936s] Level 5:colcon.colcon_core.verb:set package 'monitor' build argument 'catkin_cmake_args' from command line to 'None'
[0.936s] Level 5:colcon.colcon_core.verb:set package 'monitor' build argument 'catkin_skip_building_tests' from command line to 'False'
[0.936s] DEBUG:colcon.colcon_core.verb:Building package 'monitor' with the following arguments: {'ament_cmake_args': None, 'build_base': '/home/avees/RTCSA_2024/src/merger/build/monitor', 'catkin_cmake_args': None, 'catkin_skip_building_tests': False, 'cmake_args': None, 'cmake_clean_cache': False, 'cmake_clean_first': False, 'cmake_force_configure': False, 'cmake_target': None, 'cmake_target_skip_unavailable': False, 'install_base': '/home/avees/RTCSA_2024/src/merger/install/monitor', 'merge_install': False, 'path': '/home/avees/RTCSA_2024/src/merger', 'symlink_install': False, 'test_result_base': None}
[0.937s] INFO:colcon.colcon_core.executor:Executing jobs using 'parallel' executor
[0.945s] DEBUG:colcon.colcon_parallel_executor.executor.parallel:run_until_complete
[0.946s] INFO:colcon.colcon_ros.task.ament_cmake.build:Building ROS package in '/home/avees/RTCSA_2024/src/merger' with build type 'ament_cmake'
[0.946s] INFO:colcon.colcon_cmake.task.cmake.build:Building CMake package in '/home/avees/RTCSA_2024/src/merger'
[0.956s] INFO:colcon.colcon_core.plugin_system:Skipping extension 'colcon_core.shell.bat': Not used on non-Windows systems
[0.958s] INFO:colcon.colcon_core.shell:Skip shell extension 'powershell' for command environment: Not usable outside of PowerShell
[0.958s] DEBUG:colcon.colcon_core.shell:Skip shell extension 'dsv' for command environment
[0.997s] DEBUG:colcon.colcon_core.event_handler.log_command:Invoking command in '/home/avees/RTCSA_2024/src/merger/build/monitor': CMAKE_PREFIX_PATH=${CMAKE_PREFIX_PATH}:/opt/ros/foxy /usr/bin/cmake --build /home/avees/RTCSA_2024/src/merger/build/monitor -- -j6 -l6
[21.791s] DEBUG:colcon.colcon_core.event_handler.log_command:Invoked command in '/home/avees/RTCSA_2024/src/merger/build/monitor' returned '0': CMAKE_PREFIX_PATH=${CMAKE_PREFIX_PATH}:/opt/ros/foxy /usr/bin/cmake --build /home/avees/RTCSA_2024/src/merger/build/monitor -- -j6 -l6
[21.908s] DEBUG:colcon.colcon_core.event_handler.log_command:Invoking command in '/home/avees/RTCSA_2024/src/merger/build/monitor': CMAKE_PREFIX_PATH=${CMAKE_PREFIX_PATH}:/opt/ros/foxy /usr/bin/cmake --install /home/avees/RTCSA_2024/src/merger/build/monitor
[21.961s] Level 1:colcon.colcon_core.environment:create_environment_scripts_only(monitor)
[21.964s] DEBUG:colcon.colcon_core.event_handler.log_command:Invoked command in '/home/avees/RTCSA_2024/src/merger/build/monitor' returned '0': CMAKE_PREFIX_PATH=${CMAKE_PREFIX_PATH}:/opt/ros/foxy /usr/bin/cmake --install /home/avees/RTCSA_2024/src/merger/build/monitor
[21.976s] Level 1:colcon.colcon_core.environment:checking '/home/avees/RTCSA_2024/src/merger/install/monitor' for CMake module files
[21.978s] Level 1:colcon.colcon_core.environment:checking '/home/avees/RTCSA_2024/src/merger/install/monitor' for CMake config files
[21.978s] Level 1:colcon.colcon_core.shell:create_environment_hook('monitor', 'cmake_prefix_path')
[21.981s] INFO:colcon.colcon_core.shell:Creating environment hook '/home/avees/RTCSA_2024/src/merger/install/monitor/share/monitor/hook/cmake_prefix_path.ps1'
[21.984s] INFO:colcon.colcon_core.shell:Creating environment descriptor '/home/avees/RTCSA_2024/src/merger/install/monitor/share/monitor/hook/cmake_prefix_path.dsv'
[21.987s] INFO:colcon.colcon_core.shell:Creating environment hook '/home/avees/RTCSA_2024/src/merger/install/monitor/share/monitor/hook/cmake_prefix_path.sh'
[21.990s] Level 1:colcon.colcon_core.environment:checking '/home/avees/RTCSA_2024/src/merger/install/monitor/lib'
[21.991s] Level 1:colcon.colcon_core.shell:create_environment_hook('monitor', 'ld_library_path_lib')
[21.994s] INFO:colcon.colcon_core.shell:Creating environment hook '/home/avees/RTCSA_2024/src/merger/install/monitor/share/monitor/hook/ld_library_path_lib.ps1'
[21.995s] INFO:colcon.colcon_core.shell:Creating environment descriptor '/home/avees/RTCSA_2024/src/merger/install/monitor/share/monitor/hook/ld_library_path_lib.dsv'
[21.996s] INFO:colcon.colcon_core.shell:Creating environment hook '/home/avees/RTCSA_2024/src/merger/install/monitor/share/monitor/hook/ld_library_path_lib.sh'
[21.997s] Level 1:colcon.colcon_core.environment:checking '/home/avees/RTCSA_2024/src/merger/install/monitor/bin'
[21.997s] Level 1:colcon.colcon_core.environment:checking '/home/avees/RTCSA_2024/src/merger/install/monitor/lib/pkgconfig/monitor.pc'
[21.998s] Level 1:colcon.colcon_core.environment:checking '/home/avees/RTCSA_2024/src/merger/install/monitor/lib/python3.8/site-packages'
[21.998s] Level 1:colcon.colcon_core.environment:checking '/home/avees/RTCSA_2024/src/merger/install/monitor/bin'
[22.001s] INFO:colcon.colcon_core.shell:Creating package script '/home/avees/RTCSA_2024/src/merger/install/monitor/share/monitor/package.ps1'
[22.003s] INFO:colcon.colcon_core.shell:Creating package descriptor '/home/avees/RTCSA_2024/src/merger/install/monitor/share/monitor/package.dsv'
[22.005s] INFO:colcon.colcon_core.shell:Creating package script '/home/avees/RTCSA_2024/src/merger/install/monitor/share/monitor/package.sh'
[22.006s] INFO:colcon.colcon_core.shell:Creating package script '/home/avees/RTCSA_2024/src/merger/install/monitor/share/monitor/package.bash'
[22.007s] INFO:colcon.colcon_core.shell:Creating package script '/home/avees/RTCSA_2024/src/merger/install/monitor/share/monitor/package.zsh'
[22.009s] Level 1:colcon.colcon_core.environment:create_file_with_runtime_dependencies(/home/avees/RTCSA_2024/src/merger/install/monitor/share/colcon-core/packages/monitor)
[22.095s] Level 1:colcon.colcon_core.environment:create_environment_scripts_only(monitor)
[22.100s] Level 1:colcon.colcon_core.environment:checking '/home/avees/RTCSA_2024/src/merger/install/monitor' for CMake module files
[22.101s] Level 1:colcon.colcon_core.environment:checking '/home/avees/RTCSA_2024/src/merger/install/monitor' for CMake config files
[22.102s] Level 1:colcon.colcon_core.shell:create_environment_hook('monitor', 'cmake_prefix_path')
[22.104s] INFO:colcon.colcon_core.shell:Creating environment hook '/home/avees/RTCSA_2024/src/merger/install/monitor/share/monitor/hook/cmake_prefix_path.ps1'
[22.107s] INFO:colcon.colcon_core.shell:Creating environment descriptor '/home/avees/RTCSA_2024/src/merger/install/monitor/share/monitor/hook/cmake_prefix_path.dsv'
[22.108s] INFO:colcon.colcon_core.shell:Creating environment hook '/home/avees/RTCSA_2024/src/merger/install/monitor/share/monitor/hook/cmake_prefix_path.sh'
[22.114s] Level 1:colcon.colcon_core.environment:checking '/home/avees/RTCSA_2024/src/merger/install/monitor/lib'
[22.114s] Level 1:colcon.colcon_core.shell:create_environment_hook('monitor', 'ld_library_path_lib')
[22.117s] INFO:colcon.colcon_core.shell:Creating environment hook '/home/avees/RTCSA_2024/src/merger/install/monitor/share/monitor/hook/ld_library_path_lib.ps1'
[22.119s] INFO:colcon.colcon_core.shell:Creating environment descriptor '/home/avees/RTCSA_2024/src/merger/install/monitor/share/monitor/hook/ld_library_path_lib.dsv'
[22.120s] INFO:colcon.colcon_core.shell:Creating environment hook '/home/avees/RTCSA_2024/src/merger/install/monitor/share/monitor/hook/ld_library_path_lib.sh'
[22.121s] Level 1:colcon.colcon_core.environment:checking '/home/avees/RTCSA_2024/src/merger/install/monitor/bin'
[22.121s] Level 1:colcon.colcon_core.environment:checking '/home/avees/RTCSA_2024/src/merger/install/monitor/lib/pkgconfig/monitor.pc'
[22.122s] Level 1:colcon.colcon_core.environment:checking '/home/avees/RTCSA_2024/src/merger/install/monitor/lib/python3.8/site-packages'
[22.122s] Level 1:colcon.colcon_core.environment:checking '/home/avees/RTCSA_2024/src/merger/install/monitor/bin'
[22.125s] INFO:colcon.colcon_core.shell:Creating package script '/home/avees/RTCSA_2024/src/merger/install/monitor/share/monitor/package.ps1'
[22.128s] INFO:colcon.colcon_core.shell:Creating package descriptor '/home/avees/RTCSA_2024/src/merger/install/monitor/share/monitor/package.dsv'
[22.129s] INFO:colcon.colcon_core.shell:Creating package script '/home/avees/RTCSA_2024/src/merger/install/monitor/share/monitor/package.sh'
[22.130s] INFO:colcon.colcon_core.shell:Creating package script '/home/avees/RTCSA_2024/src/merger/install/monitor/share/monitor/package.bash'
[22.131s] INFO:colcon.colcon_core.shell:Creating package script '/home/avees/RTCSA_2024/src/merger/install/monitor/share/monitor/package.zsh'
[22.131s] Level 1:colcon.colcon_core.environment:create_file_with_runtime_dependencies(/home/avees/RTCSA_2024/src/merger/install/monitor/share/colcon-core/packages/monitor)
[22.132s] DEBUG:colcon.colcon_parallel_executor.executor.parallel:closing loop
[22.133s] DEBUG:colcon.colcon_parallel_executor.executor.parallel:loop closed
[22.134s] DEBUG:colcon.colcon_parallel_executor.executor.parallel:run_until_complete finished with '0'
[22.134s] DEBUG:colcon.colcon_core.event_reactor:joining thread
[22.149s] INFO:colcon.colcon_core.plugin_system:Skipping extension 'colcon_notification.desktop_notification.terminal_notifier': Not used on non-Darwin systems
[22.150s] INFO:colcon.colcon_core.plugin_system:Skipping extension 'colcon_notification.desktop_notification.win32': Not used on non-Windows systems
[22.150s] INFO:colcon.colcon_notification.desktop_notification:Sending desktop notification using 'notify2'
[22.200s] DEBUG:colcon.colcon_core.event_reactor:joined thread
[22.204s] INFO:colcon.colcon_core.shell:Creating prefix script '/home/avees/RTCSA_2024/src/merger/install/local_setup.ps1'
[22.207s] INFO:colcon.colcon_core.shell:Creating prefix util module '/home/avees/RTCSA_2024/src/merger/install/_local_setup_util_ps1.py'
[22.209s] INFO:colcon.colcon_core.shell:Creating prefix chain script '/home/avees/RTCSA_2024/src/merger/install/setup.ps1'
[22.213s] INFO:colcon.colcon_core.shell:Creating prefix script '/home/avees/RTCSA_2024/src/merger/install/local_setup.sh'
[22.214s] INFO:colcon.colcon_core.shell:Creating prefix util module '/home/avees/RTCSA_2024/src/merger/install/_local_setup_util_sh.py'
[22.215s] INFO:colcon.colcon_core.shell:Creating prefix chain script '/home/avees/RTCSA_2024/src/merger/install/setup.sh'
[22.219s] INFO:colcon.colcon_core.shell:Creating prefix script '/home/avees/RTCSA_2024/src/merger/install/local_setup.bash'
[22.220s] INFO:colcon.colcon_core.shell:Creating prefix chain script '/home/avees/RTCSA_2024/src/merger/install/setup.bash'
[22.226s] INFO:colcon.colcon_core.shell:Creating prefix script '/home/avees/RTCSA_2024/src/merger/install/local_setup.zsh'
[22.227s] INFO:colcon.colcon_core.shell:Creating prefix chain script '/home/avees/RTCSA_2024/src/merger/install/setup.zsh'
