[0.030s] Invoking command in '/home/avees/RTCSA_2024/src/merger/build/monitor': CMAKE_PREFIX_PATH=${CMAKE_PREFIX_PATH}:/opt/ros/foxy /usr/bin/cmake --build /home/avees/RTCSA_2024/src/merger/build/monitor -- -j6 -l6
[0.134s] [35m[1mScanning dependencies of target demo_library[0m
[0.219s] [ 25%] [32mBuilding CXX object CMakeFiles/demo_library.dir/src/demo.cpp.o[0m
[6.156s] [01m[K/home/avees/RTCSA_2024/src/merger/src/demo.cpp:[m[K In member function ‘[01m[Kvoid MonitorDemo::image_callback(sensor_msgs::msg::Image_<std::allocator<void> >::SharedPtr)[m[K’:
[6.157s] [01m[K/home/avees/RTCSA_2024/src/merger/src/demo.cpp:47:75:[m[K [01;35m[Kwarning: [m[Kunused parameter ‘[01m[Kimage[m[K’ [[01;35m[K-Wunused-parameter[m[K]
[6.157s]    47 | void MonitorDemo::image_callback([01;35m[Kconst sensor_msgs::msg::Image::SharedPtr image[m[K)
[6.158s]       |                                  [01;35m[K~~~~~~~~~~~~~~~~~~~~~~~~~~~~~~~~~~~~~~~~~^~~~~[m[K
[6.200s] [01m[K/home/avees/RTCSA_2024/src/merger/src/demo.cpp:[m[K In member function ‘[01m[Kvoid MonitorDemo::simpleDBSCAN(std::vector<BoundingBox>, double, int)[m[K’:
[6.201s] [01m[K/home/avees/RTCSA_2024/src/merger/src/demo.cpp:236:30:[m[K [01;35m[Kwarning: [m[Kcomparison of integer expressions of different signedness: ‘[01m[Kstd::vector<long unsigned int>::size_type[m[K’ {aka ‘[01m[Klong unsigned int[m[K’} and ‘[01m[Kint[m[K’ [[01;35m[K-Wsign-compare[m[K]
[6.203s]   236 |         if ([01;35m[Kneighbors.size() < minPts[m[K) continue;
[6.204s]       |             [01;35m[K~~~~~~~~~~~~~~~~~^~~~~~~~[m[K
[19.163s] [ 50%] [32m[1mLinking CXX shared library libdemo_library.so[0m
[20.474s] [ 50%] Built target demo_library
[20.786s] [35m[1mScanning dependencies of target demo_node[0m
[20.888s] [ 75%] [32mBuilding CXX object CMakeFiles/demo_node.dir/src/exec/demo_exec.cpp.o[0m
[31.207s] [100%] [32m[1mLinking CXX executable demo_node[0m
[32.988s] [100%] Built target demo_node
[33.139s] Invoked command in '/home/avees/RTCSA_2024/src/merger/build/monitor' returned '0': CMAKE_PREFIX_PATH=${CMAKE_PREFIX_PATH}:/opt/ros/foxy /usr/bin/cmake --build /home/avees/RTCSA_2024/src/merger/build/monitor -- -j6 -l6
[33.245s] Invoking command in '/home/avees/RTCSA_2024/src/merger/build/monitor': CMAKE_PREFIX_PATH=${CMAKE_PREFIX_PATH}:/opt/ros/foxy /usr/bin/cmake --install /home/avees/RTCSA_2024/src/merger/build/monitor
[33.407s] -- Install configuration: ""
[33.415s] -- Installing: /home/avees/RTCSA_2024/src/merger/install/monitor/lib/libdemo_library.so
[33.427s] -- Set runtime path of "/home/avees/RTCSA_2024/src/merger/install/monitor/lib/libdemo_library.so" to ""
[33.567s] -- Installing: /home/avees/RTCSA_2024/src/merger/install/monitor/lib/monitor/demo_node
[33.568s] -- Set runtime path of "/home/avees/RTCSA_2024/src/merger/install/monitor/lib/monitor/demo_node" to ""
[33.570s] -- Up-to-date: /home/avees/RTCSA_2024/src/merger/install/monitor/share/ament_index/resource_index/package_run_dependencies/monitor
[33.570s] -- Up-to-date: /home/avees/RTCSA_2024/src/merger/install/monitor/share/ament_index/resource_index/parent_prefix_path/monitor
[33.570s] -- Up-to-date: /home/avees/RTCSA_2024/src/merger/install/monitor/share/monitor/environment/ament_prefix_path.sh
[33.570s] -- Up-to-date: /home/avees/RTCSA_2024/src/merger/install/monitor/share/monitor/environment/ament_prefix_path.dsv
[33.571s] -- Up-to-date: /home/avees/RTCSA_2024/src/merger/install/monitor/share/monitor/environment/path.sh
[33.571s] -- Up-to-date: /home/avees/RTCSA_2024/src/merger/install/monitor/share/monitor/environment/path.dsv
[33.571s] -- Up-to-date: /home/avees/RTCSA_2024/src/merger/install/monitor/share/monitor/local_setup.bash
[33.572s] -- Up-to-date: /home/avees/RTCSA_2024/src/merger/install/monitor/share/monitor/local_setup.sh
[33.572s] -- Up-to-date: /home/avees/RTCSA_2024/src/merger/install/monitor/share/monitor/local_setup.zsh
[33.572s] -- Up-to-date: /home/avees/RTCSA_2024/src/merger/install/monitor/share/monitor/local_setup.dsv
[33.572s] -- Installing: /home/avees/RTCSA_2024/src/merger/install/monitor/share/monitor/package.dsv
[33.572s] -- Up-to-date: /home/avees/RTCSA_2024/src/merger/install/monitor/share/ament_index/resource_index/packages/monitor
[33.573s] -- Up-to-date: /home/avees/RTCSA_2024/src/merger/install/monitor/share/monitor/cmake/monitorConfig.cmake
[33.574s] -- Up-to-date: /home/avees/RTCSA_2024/src/merger/install/monitor/share/monitor/cmake/monitorConfig-version.cmake
[33.574s] -- Up-to-date: /home/avees/RTCSA_2024/src/merger/install/monitor/share/monitor/package.xml
[33.580s] Invoked command in '/home/avees/RTCSA_2024/src/merger/build/monitor' returned '0': CMAKE_PREFIX_PATH=${CMAKE_PREFIX_PATH}:/opt/ros/foxy /usr/bin/cmake --install /home/avees/RTCSA_2024/src/merger/build/monitor
