[0.387s] DEBUG:colcon:Command line arguments: ['/usr/bin/colcon', 'build']
[0.387s] DEBUG:colcon:Parsed command line arguments: Namespace(allow_overriding=[], ament_cmake_args=None, base_paths=['.'], build_base='build', catkin_cmake_args=None, catkin_skip_building_tests=False, cmake_args=None, cmake_clean_cache=False, cmake_clean_first=False, cmake_force_configure=False, cmake_target=None, cmake_target_skip_unavailable=False, continue_on_error=False, event_handlers=None, executor='parallel', ignore_user_meta=False, install_base='install', log_base=None, log_level=None, main=<bound method BuildVerb.main of <colcon_core.verb.build.BuildVerb object at 0xffff95fd9fa0>>, merge_install=False, metas=['./colcon.meta'], packages_above=None, packages_above_and_dependencies=None, packages_above_depth=None, packages_end=None, packages_ignore=None, packages_ignore_regex=None, packages_select=None, packages_select_build_failed=False, packages_select_by_dep=None, packages_select_regex=None, packages_select_test_failures=False, packages_skip=None, packages_skip_build_finished=False, packages_skip_by_dep=None, packages_skip_regex=None, packages_skip_test_passed=False, packages_skip_up_to=None, packages_start=None, packages_up_to=None, packages_up_to_regex=None, parallel_workers=6, paths=None, symlink_install=False, test_result_base=None, verb_extension=<colcon_core.verb.build.BuildVerb object at 0xffff95fd9fa0>, verb_name='build', verb_parser=<colcon_defaults.argument_parser.defaults.DefaultArgumentsDecorator object at 0xffff95feb4f0>)
[0.702s] Level 1:colcon.colcon_core.package_discovery:discover_packages(colcon_meta) check parameters
[0.703s] Level 1:colcon.colcon_core.package_discovery:discover_packages(recursive) check parameters
[0.703s] Level 1:colcon.colcon_core.package_discovery:discover_packages(ignore) check parameters
[0.703s] Level 1:colcon.colcon_core.package_discovery:discover_packages(path) check parameters
[0.703s] Level 1:colcon.colcon_core.package_discovery:discover_packages(colcon_meta) discover
[0.703s] Level 1:colcon.colcon_core.package_discovery:discover_packages(recursive) discover
[0.703s] INFO:colcon.colcon_core.package_discovery:Crawling recursively for packages in '/home/avees/RTCSA_2024/src/merger'
[0.704s] Level 1:colcon.colcon_core.package_identification:_identify(.) by extensions ['ignore', 'ignore_ament_install']
[0.704s] Level 1:colcon.colcon_core.package_identification:_identify(.) by extension 'ignore'
[0.704s] Level 1:colcon.colcon_core.package_identification:_identify(.) by extension 'ignore_ament_install'
[0.704s] Level 1:colcon.colcon_core.package_identification:_identify(.) by extensions ['colcon_pkg']
[0.704s] Level 1:colcon.colcon_core.package_identification:_identify(.) by extension 'colcon_pkg'
[0.704s] Level 1:colcon.colcon_core.package_identification:_identify(.) by extensions ['colcon_meta']
[0.704s] Level 1:colcon.colcon_core.package_identification:_identify(.) by extension 'colcon_meta'
[0.704s] Level 1:colcon.colcon_core.package_identification:_identify(.) by extensions ['ros']
[0.704s] Level 1:colcon.colcon_core.package_identification:_identify(.) by extension 'ros'
[0.734s] DEBUG:colcon.colcon_core.package_identification:Package '.' with type 'ros.ament_cmake' and name 'monitor'
[0.735s] Level 1:colcon.colcon_core.package_discovery:discover_packages(recursive) using defaults
[0.735s] Level 1:colcon.colcon_core.package_discovery:discover_packages(ignore) discover
[0.735s] Level 1:colcon.colcon_core.package_discovery:discover_packages(ignore) using defaults
[0.735s] Level 1:colcon.colcon_core.package_discovery:discover_packages(path) discover
[0.735s] Level 1:colcon.colcon_core.package_discovery:discover_packages(path) using defaults
[0.767s] Level 1:colcon.colcon_core.package_discovery:discover_packages(prefix_path) check parameters
[0.767s] Level 1:colcon.colcon_core.package_discovery:discover_packages(prefix_path) discover
[0.771s] DEBUG:colcon.colcon_installed_package_information.package_discovery:Found 1 installed packages in /home/avees/RTCSA_2024/src/merger/install
[0.772s] DEBUG:colcon.colcon_installed_package_information.package_discovery:Found 3 installed packages in /home/avees/RTCSA_2024/install
[0.774s] DEBUG:colcon.colcon_installed_package_information.package_discovery:Found 260 installed packages in /opt/ros/foxy
[0.777s] Level 1:colcon.colcon_core.package_discovery:discover_packages(prefix_path) using defaults
[0.926s] Level 5:colcon.colcon_core.verb:set package 'monitor' build argument 'cmake_args' from command line to 'None'
[0.926s] Level 5:colcon.colcon_core.verb:set package 'monitor' build argument 'cmake_target' from command line to 'None'
[0.926s] Level 5:colcon.colcon_core.verb:set package 'monitor' build argument 'cmake_target_skip_unavailable' from command line to 'False'
[0.926s] Level 5:colcon.colcon_core.verb:set package 'monitor' build argument 'cmake_clean_cache' from command line to 'False'
[0.926s] Level 5:colcon.colcon_core.verb:set package 'monitor' build argument 'cmake_clean_first' from command line to 'False'
[0.926s] Level 5:colcon.colcon_core.verb:set package 'monitor' build argument 'cmake_force_configure' from command line to 'False'
[0.926s] Level 5:colcon.colcon_core.verb:set package 'monitor' build argument 'ament_cmake_args' from command line to 'None'
[0.926s] Level 5:colcon.colcon_core.verb:set package 'monitor' build argument 'catkin_cmake_args' from command line to 'None'
[0.926s] Level 5:colcon.colcon_core.verb:set package 'monitor' build argument 'catkin_skip_building_tests' from command line to 'False'
[0.927s] DEBUG:colcon.colcon_core.verb:Building package 'monitor' with the following arguments: {'ament_cmake_args': None, 'build_base': '/home/avees/RTCSA_2024/src/merger/build/monitor', 'catkin_cmake_args': None, 'catkin_skip_building_tests': False, 'cmake_args': None, 'cmake_clean_cache': False, 'cmake_clean_first': False, 'cmake_force_configure': False, 'cmake_target': None, 'cmake_target_skip_unavailable': False, 'install_base': '/home/avees/RTCSA_2024/src/merger/install/monitor', 'merge_install': False, 'path': '/home/avees/RTCSA_2024/src/merger', 'symlink_install': False, 'test_result_base': None}
[0.927s] INFO:colcon.colcon_core.executor:Executing jobs using 'parallel' executor
[0.929s] DEBUG:colcon.colcon_parallel_executor.executor.parallel:run_until_complete
[0.930s] INFO:colcon.colcon_ros.task.ament_cmake.build:Building ROS package in '/home/avees/RTCSA_2024/src/merger' with build type 'ament_cmake'
[0.930s] INFO:colcon.colcon_cmake.task.cmake.build:Building CMake package in '/home/avees/RTCSA_2024/src/merger'
[0.934s] INFO:colcon.colcon_core.plugin_system:Skipping extension 'colcon_core.shell.bat': Not used on non-Windows systems
[0.935s] INFO:colcon.colcon_core.shell:Skip shell extension 'powershell' for command environment: Not usable outside of PowerShell
[0.935s] DEBUG:colcon.colcon_core.shell:Skip shell extension 'dsv' for command environment
[0.959s] DEBUG:colcon.colcon_core.event_handler.log_command:Invoking command in '/home/avees/RTCSA_2024/src/merger/build/monitor': CMAKE_PREFIX_PATH=${CMAKE_PREFIX_PATH}:/opt/ros/foxy /usr/bin/cmake --build /home/avees/RTCSA_2024/src/merger/build/monitor -- -j6 -l6
[33.826s] DEBUG:colcon.colcon_core.event_handler.log_command:Invoked command in '/home/avees/RTCSA_2024/src/merger/build/monitor' returned '0': CMAKE_PREFIX_PATH=${CMAKE_PREFIX_PATH}:/opt/ros/foxy /usr/bin/cmake --build /home/avees/RTCSA_2024/src/merger/build/monitor -- -j6 -l6
[33.944s] DEBUG:colcon.colcon_core.event_handler.log_command:Invoking command in '/home/avees/RTCSA_2024/src/merger/build/monitor': CMAKE_PREFIX_PATH=${CMAKE_PREFIX_PATH}:/opt/ros/foxy /usr/bin/cmake --install /home/avees/RTCSA_2024/src/merger/build/monitor
[33.998s] Level 1:colcon.colcon_core.environment:create_environment_scripts_only(monitor)
[34.001s] DEBUG:colcon.colcon_core.event_handler.log_command:Invoked command in '/home/avees/RTCSA_2024/src/merger/build/monitor' returned '0': CMAKE_PREFIX_PATH=${CMAKE_PREFIX_PATH}:/opt/ros/foxy /usr/bin/cmake --install /home/avees/RTCSA_2024/src/merger/build/monitor
[34.008s] Level 1:colcon.colcon_core.environment:checking '/home/avees/RTCSA_2024/src/merger/install/monitor' for CMake module files
[34.009s] Level 1:colcon.colcon_core.environment:checking '/home/avees/RTCSA_2024/src/merger/install/monitor' for CMake config files
[34.010s] Level 1:colcon.colcon_core.shell:create_environment_hook('monitor', 'cmake_prefix_path')
[34.011s] INFO:colcon.colcon_core.shell:Creating environment hook '/home/avees/RTCSA_2024/src/merger/install/monitor/share/monitor/hook/cmake_prefix_path.ps1'
[34.013s] INFO:colcon.colcon_core.shell:Creating environment descriptor '/home/avees/RTCSA_2024/src/merger/install/monitor/share/monitor/hook/cmake_prefix_path.dsv'
[34.014s] INFO:colcon.colcon_core.shell:Creating environment hook '/home/avees/RTCSA_2024/src/merger/install/monitor/share/monitor/hook/cmake_prefix_path.sh'
[34.017s] Level 1:colcon.colcon_core.environment:checking '/home/avees/RTCSA_2024/src/merger/install/monitor/lib'
[34.017s] Level 1:colcon.colcon_core.shell:create_environment_hook('monitor', 'ld_library_path_lib')
[34.018s] INFO:colcon.colcon_core.shell:Creating environment hook '/home/avees/RTCSA_2024/src/merger/install/monitor/share/monitor/hook/ld_library_path_lib.ps1'
[34.019s] INFO:colcon.colcon_core.shell:Creating environment descriptor '/home/avees/RTCSA_2024/src/merger/install/monitor/share/monitor/hook/ld_library_path_lib.dsv'
[34.020s] INFO:colcon.colcon_core.shell:Creating environment hook '/home/avees/RTCSA_2024/src/merger/install/monitor/share/monitor/hook/ld_library_path_lib.sh'
[34.021s] Level 1:colcon.colcon_core.environment:checking '/home/avees/RTCSA_2024/src/merger/install/monitor/bin'
[34.021s] Level 1:colcon.colcon_core.environment:checking '/home/avees/RTCSA_2024/src/merger/install/monitor/lib/pkgconfig/monitor.pc'
[34.021s] Level 1:colcon.colcon_core.environment:checking '/home/avees/RTCSA_2024/src/merger/install/monitor/lib/python3.8/site-packages'
[34.022s] Level 1:colcon.colcon_core.environment:checking '/home/avees/RTCSA_2024/src/merger/install/monitor/bin'
[34.023s] INFO:colcon.colcon_core.shell:Creating package script '/home/avees/RTCSA_2024/src/merger/install/monitor/share/monitor/package.ps1'
[34.025s] INFO:colcon.colcon_core.shell:Creating package descriptor '/home/avees/RTCSA_2024/src/merger/install/monitor/share/monitor/package.dsv'
[34.026s] INFO:colcon.colcon_core.shell:Creating package script '/home/avees/RTCSA_2024/src/merger/install/monitor/share/monitor/package.sh'
[34.027s] INFO:colcon.colcon_core.shell:Creating package script '/home/avees/RTCSA_2024/src/merger/install/monitor/share/monitor/package.bash'
[34.029s] INFO:colcon.colcon_core.shell:Creating package script '/home/avees/RTCSA_2024/src/merger/install/monitor/share/monitor/package.zsh'
[34.030s] Level 1:colcon.colcon_core.environment:create_file_with_runtime_dependencies(/home/avees/RTCSA_2024/src/merger/install/monitor/share/colcon-core/packages/monitor)
[34.108s] Level 1:colcon.colcon_core.environment:create_environment_scripts_only(monitor)
[34.109s] Level 1:colcon.colcon_core.environment:checking '/home/avees/RTCSA_2024/src/merger/install/monitor' for CMake module files
[34.110s] Level 1:colcon.colcon_core.environment:checking '/home/avees/RTCSA_2024/src/merger/install/monitor' for CMake config files
[34.110s] Level 1:colcon.colcon_core.shell:create_environment_hook('monitor', 'cmake_prefix_path')
[34.111s] INFO:colcon.colcon_core.shell:Creating environment hook '/home/avees/RTCSA_2024/src/merger/install/monitor/share/monitor/hook/cmake_prefix_path.ps1'
[34.130s] INFO:colcon.colcon_core.shell:Creating environment descriptor '/home/avees/RTCSA_2024/src/merger/install/monitor/share/monitor/hook/cmake_prefix_path.dsv'
[34.132s] INFO:colcon.colcon_core.shell:Creating environment hook '/home/avees/RTCSA_2024/src/merger/install/monitor/share/monitor/hook/cmake_prefix_path.sh'
[34.133s] Level 1:colcon.colcon_core.environment:checking '/home/avees/RTCSA_2024/src/merger/install/monitor/lib'
[34.134s] Level 1:colcon.colcon_core.shell:create_environment_hook('monitor', 'ld_library_path_lib')
[34.134s] INFO:colcon.colcon_core.shell:Creating environment hook '/home/avees/RTCSA_2024/src/merger/install/monitor/share/monitor/hook/ld_library_path_lib.ps1'
[34.135s] INFO:colcon.colcon_core.shell:Creating environment descriptor '/home/avees/RTCSA_2024/src/merger/install/monitor/share/monitor/hook/ld_library_path_lib.dsv'
[34.136s] INFO:colcon.colcon_core.shell:Creating environment hook '/home/avees/RTCSA_2024/src/merger/install/monitor/share/monitor/hook/ld_library_path_lib.sh'
[34.137s] Level 1:colcon.colcon_core.environment:checking '/home/avees/RTCSA_2024/src/merger/install/monitor/bin'
[34.137s] Level 1:colcon.colcon_core.environment:checking '/home/avees/RTCSA_2024/src/merger/install/monitor/lib/pkgconfig/monitor.pc'
[34.138s] Level 1:colcon.colcon_core.environment:checking '/home/avees/RTCSA_2024/src/merger/install/monitor/lib/python3.8/site-packages'
[34.138s] Level 1:colcon.colcon_core.environment:checking '/home/avees/RTCSA_2024/src/merger/install/monitor/bin'
[34.139s] INFO:colcon.colcon_core.shell:Creating package script '/home/avees/RTCSA_2024/src/merger/install/monitor/share/monitor/package.ps1'
[34.141s] INFO:colcon.colcon_core.shell:Creating package descriptor '/home/avees/RTCSA_2024/src/merger/install/monitor/share/monitor/package.dsv'
[34.142s] INFO:colcon.colcon_core.shell:Creating package script '/home/avees/RTCSA_2024/src/merger/install/monitor/share/monitor/package.sh'
[34.143s] INFO:colcon.colcon_core.shell:Creating package script '/home/avees/RTCSA_2024/src/merger/install/monitor/share/monitor/package.bash'
[34.143s] INFO:colcon.colcon_core.shell:Creating package script '/home/avees/RTCSA_2024/src/merger/install/monitor/share/monitor/package.zsh'
[34.144s] Level 1:colcon.colcon_core.environment:create_file_with_runtime_dependencies(/home/avees/RTCSA_2024/src/merger/install/monitor/share/colcon-core/packages/monitor)
[34.145s] DEBUG:colcon.colcon_parallel_executor.executor.parallel:closing loop
[34.146s] DEBUG:colcon.colcon_parallel_executor.executor.parallel:loop closed
[34.147s] DEBUG:colcon.colcon_parallel_executor.executor.parallel:run_until_complete finished with '0'
[34.147s] DEBUG:colcon.colcon_core.event_reactor:joining thread
[34.165s] INFO:colcon.colcon_core.plugin_system:Skipping extension 'colcon_notification.desktop_notification.terminal_notifier': Not used on non-Darwin systems
[34.165s] INFO:colcon.colcon_core.plugin_system:Skipping extension 'colcon_notification.desktop_notification.win32': Not used on non-Windows systems
[34.165s] INFO:colcon.colcon_notification.desktop_notification:Sending desktop notification using 'notify2'
[34.213s] DEBUG:colcon.colcon_core.event_reactor:joined thread
[34.214s] INFO:colcon.colcon_core.shell:Creating prefix script '/home/avees/RTCSA_2024/src/merger/install/local_setup.ps1'
[34.217s] INFO:colcon.colcon_core.shell:Creating prefix util module '/home/avees/RTCSA_2024/src/merger/install/_local_setup_util_ps1.py'
[34.222s] INFO:colcon.colcon_core.shell:Creating prefix chain script '/home/avees/RTCSA_2024/src/merger/install/setup.ps1'
[34.225s] INFO:colcon.colcon_core.shell:Creating prefix script '/home/avees/RTCSA_2024/src/merger/install/local_setup.sh'
[34.226s] INFO:colcon.colcon_core.shell:Creating prefix util module '/home/avees/RTCSA_2024/src/merger/install/_local_setup_util_sh.py'
[34.227s] INFO:colcon.colcon_core.shell:Creating prefix chain script '/home/avees/RTCSA_2024/src/merger/install/setup.sh'
[34.229s] INFO:colcon.colcon_core.shell:Creating prefix script '/home/avees/RTCSA_2024/src/merger/install/local_setup.bash'
[34.230s] INFO:colcon.colcon_core.shell:Creating prefix chain script '/home/avees/RTCSA_2024/src/merger/install/setup.bash'
[34.232s] INFO:colcon.colcon_core.shell:Creating prefix script '/home/avees/RTCSA_2024/src/merger/install/local_setup.zsh'
[34.233s] INFO:colcon.colcon_core.shell:Creating prefix chain script '/home/avees/RTCSA_2024/src/merger/install/setup.zsh'
