[0.032s] Invoking command in '/home/avees/RTCSA_2024/src/merger/build/monitor': CMAKE_PREFIX_PATH=${CMAKE_PREFIX_PATH}:/opt/ros/foxy /usr/bin/cmake --build /home/avees/RTCSA_2024/src/merger/build/monitor -- -j6 -l6
[0.132s] [35m[1mScanning dependencies of target demo_library[0m
[0.195s] [ 25%] [32mBuilding CXX object CMakeFiles/demo_library.dir/src/demo.cpp.o[0m
[6.160s] [01m[K/home/avees/RTCSA_2024/src/merger/src/demo.cpp:[m[K In member function ‘[01m[Kvoid MonitorDemo::image_callback(sensor_msgs::msg::Image_<std::allocator<void> >::SharedPtr)[m[K’:
[6.160s] [01m[K/home/avees/RTCSA_2024/src/merger/src/demo.cpp:47:75:[m[K [01;35m[Kwarning: [m[Kunused parameter ‘[01m[Kimage[m[K’ [[01;35m[K-Wunused-parameter[m[K]
[6.161s]    47 | void MonitorDemo::image_callback([01;35m[Kconst sensor_msgs::msg::Image::SharedPtr image[m[K)
[6.161s]       |                                  [01;35m[K~~~~~~~~~~~~~~~~~~~~~~~~~~~~~~~~~~~~~~~~~^~~~~[m[K
[6.212s] [01m[K/home/avees/RTCSA_2024/src/merger/src/demo.cpp:[m[K In member function ‘[01m[Kvoid MonitorDemo::simpleDBSCAN(std::vector<BoundingBox>, double, int)[m[K’:
[6.212s] [01m[K/home/avees/RTCSA_2024/src/merger/src/demo.cpp:236:30:[m[K [01;35m[Kwarning: [m[Kcomparison of integer expressions of different signedness: ‘[01m[Kstd::vector<long unsigned int>::size_type[m[K’ {aka ‘[01m[Klong unsigned int[m[K’} and ‘[01m[Kint[m[K’ [[01;35m[K-Wsign-compare[m[K]
[6.213s]   236 |         if ([01;35m[Kneighbors.size() < minPts[m[K) continue;
[6.213s]       |             [01;35m[K~~~~~~~~~~~~~~~~~^~~~~~~~[m[K
[21.241s] [ 50%] [32m[1mLinking CXX shared library libdemo_library.so[0m
[22.044s] [ 50%] Built target demo_library
[22.127s] [ 75%] [32m[1mLinking CXX executable demo_node[0m
[23.206s] [100%] Built target demo_node
[23.360s] Invoked command in '/home/avees/RTCSA_2024/src/merger/build/monitor' returned '0': CMAKE_PREFIX_PATH=${CMAKE_PREFIX_PATH}:/opt/ros/foxy /usr/bin/cmake --build /home/avees/RTCSA_2024/src/merger/build/monitor -- -j6 -l6
[23.446s] Invoking command in '/home/avees/RTCSA_2024/src/merger/build/monitor': CMAKE_PREFIX_PATH=${CMAKE_PREFIX_PATH}:/opt/ros/foxy /usr/bin/cmake --install /home/avees/RTCSA_2024/src/merger/build/monitor
[23.466s] -- Install configuration: ""
[23.466s] -- Installing: /home/avees/RTCSA_2024/src/merger/install/monitor/lib/libdemo_library.so
[23.476s] -- Set runtime path of "/home/avees/RTCSA_2024/src/merger/install/monitor/lib/libdemo_library.so" to ""
[23.476s] -- Installing: /home/avees/RTCSA_2024/src/merger/install/monitor/lib/monitor/demo_node
[23.477s] -- Set runtime path of "/home/avees/RTCSA_2024/src/merger/install/monitor/lib/monitor/demo_node" to ""
[23.477s] -- Up-to-date: /home/avees/RTCSA_2024/src/merger/install/monitor/share/ament_index/resource_index/package_run_dependencies/monitor
[23.478s] -- Up-to-date: /home/avees/RTCSA_2024/src/merger/install/monitor/share/ament_index/resource_index/parent_prefix_path/monitor
[23.478s] -- Up-to-date: /home/avees/RTCSA_2024/src/merger/install/monitor/share/monitor/environment/ament_prefix_path.sh
[23.478s] -- Up-to-date: /home/avees/RTCSA_2024/src/merger/install/monitor/share/monitor/environment/ament_prefix_path.dsv
[23.478s] -- Up-to-date: /home/avees/RTCSA_2024/src/merger/install/monitor/share/monitor/environment/path.sh
[23.478s] -- Up-to-date: /home/avees/RTCSA_2024/src/merger/install/monitor/share/monitor/environment/path.dsv
[23.478s] -- Up-to-date: /home/avees/RTCSA_2024/src/merger/install/monitor/share/monitor/local_setup.bash
[23.479s] -- Up-to-date: /home/avees/RTCSA_2024/src/merger/install/monitor/share/monitor/local_setup.sh
[23.479s] -- Up-to-date: /home/avees/RTCSA_2024/src/merger/install/monitor/share/monitor/local_setup.zsh
[23.479s] -- Up-to-date: /home/avees/RTCSA_2024/src/merger/install/monitor/share/monitor/local_setup.dsv
[23.479s] -- Installing: /home/avees/RTCSA_2024/src/merger/install/monitor/share/monitor/package.dsv
[23.479s] -- Up-to-date: /home/avees/RTCSA_2024/src/merger/install/monitor/share/ament_index/resource_index/packages/monitor
[23.479s] -- Up-to-date: /home/avees/RTCSA_2024/src/merger/install/monitor/share/monitor/cmake/monitorConfig.cmake
[23.480s] -- Up-to-date: /home/avees/RTCSA_2024/src/merger/install/monitor/share/monitor/cmake/monitorConfig-version.cmake
[23.480s] -- Up-to-date: /home/avees/RTCSA_2024/src/merger/install/monitor/share/monitor/package.xml
[23.485s] Invoked command in '/home/avees/RTCSA_2024/src/merger/build/monitor' returned '0': CMAKE_PREFIX_PATH=${CMAKE_PREFIX_PATH}:/opt/ros/foxy /usr/bin/cmake --install /home/avees/RTCSA_2024/src/merger/build/monitor
