[0.387s] DEBUG:colcon:Command line arguments: ['/usr/bin/colcon', 'build']
[0.388s] DEBUG:colcon:Parsed command line arguments: Namespace(allow_overriding=[], ament_cmake_args=None, base_paths=['.'], build_base='build', catkin_cmake_args=None, catkin_skip_building_tests=False, cmake_args=None, cmake_clean_cache=False, cmake_clean_first=False, cmake_force_configure=False, cmake_target=None, cmake_target_skip_unavailable=False, continue_on_error=False, event_handlers=None, executor='parallel', ignore_user_meta=False, install_base='install', log_base=None, log_level=None, main=<bound method BuildVerb.main of <colcon_core.verb.build.BuildVerb object at 0xffff8171efa0>>, merge_install=False, metas=['./colcon.meta'], packages_above=None, packages_above_and_dependencies=None, packages_above_depth=None, packages_end=None, packages_ignore=None, packages_ignore_regex=None, packages_select=None, packages_select_build_failed=False, packages_select_by_dep=None, packages_select_regex=None, packages_select_test_failures=False, packages_skip=None, packages_skip_build_finished=False, packages_skip_by_dep=None, packages_skip_regex=None, packages_skip_test_passed=False, packages_skip_up_to=None, packages_start=None, packages_up_to=None, packages_up_to_regex=None, parallel_workers=6, paths=None, symlink_install=False, test_result_base=None, verb_extension=<colcon_core.verb.build.BuildVerb object at 0xffff8171efa0>, verb_name='build', verb_parser=<colcon_defaults.argument_parser.defaults.DefaultArgumentsDecorator object at 0xffff817304f0>)
[0.703s] Level 1:colcon.colcon_core.package_discovery:discover_packages(colcon_meta) check parameters
[0.704s] Level 1:colcon.colcon_core.package_discovery:discover_packages(recursive) check parameters
[0.704s] Level 1:colcon.colcon_core.package_discovery:discover_packages(ignore) check parameters
[0.704s] Level 1:colcon.colcon_core.package_discovery:discover_packages(path) check parameters
[0.704s] Level 1:colcon.colcon_core.package_discovery:discover_packages(colcon_meta) discover
[0.704s] Level 1:colcon.colcon_core.package_discovery:discover_packages(recursive) discover
[0.704s] INFO:colcon.colcon_core.package_discovery:Crawling recursively for packages in '/home/avees/RTCSA_2024/src/merger'
[0.704s] Level 1:colcon.colcon_core.package_identification:_identify(.) by extensions ['ignore', 'ignore_ament_install']
[0.705s] Level 1:colcon.colcon_core.package_identification:_identify(.) by extension 'ignore'
[0.705s] Level 1:colcon.colcon_core.package_identification:_identify(.) by extension 'ignore_ament_install'
[0.705s] Level 1:colcon.colcon_core.package_identification:_identify(.) by extensions ['colcon_pkg']
[0.705s] Level 1:colcon.colcon_core.package_identification:_identify(.) by extension 'colcon_pkg'
[0.705s] Level 1:colcon.colcon_core.package_identification:_identify(.) by extensions ['colcon_meta']
[0.705s] Level 1:colcon.colcon_core.package_identification:_identify(.) by extension 'colcon_meta'
[0.705s] Level 1:colcon.colcon_core.package_identification:_identify(.) by extensions ['ros']
[0.705s] Level 1:colcon.colcon_core.package_identification:_identify(.) by extension 'ros'
[0.735s] DEBUG:colcon.colcon_core.package_identification:Package '.' with type 'ros.ament_cmake' and name 'monitor'
[0.735s] Level 1:colcon.colcon_core.package_discovery:discover_packages(recursive) using defaults
[0.736s] Level 1:colcon.colcon_core.package_discovery:discover_packages(ignore) discover
[0.736s] Level 1:colcon.colcon_core.package_discovery:discover_packages(ignore) using defaults
[0.736s] Level 1:colcon.colcon_core.package_discovery:discover_packages(path) discover
[0.736s] Level 1:colcon.colcon_core.package_discovery:discover_packages(path) using defaults
[0.767s] Level 1:colcon.colcon_core.package_discovery:discover_packages(prefix_path) check parameters
[0.768s] Level 1:colcon.colcon_core.package_discovery:discover_packages(prefix_path) discover
[0.772s] DEBUG:colcon.colcon_installed_package_information.package_discovery:Found 3 installed packages in /home/avees/RTCSA_2024/install
[0.774s] DEBUG:colcon.colcon_installed_package_information.package_discovery:Found 260 installed packages in /opt/ros/foxy
[0.777s] Level 1:colcon.colcon_core.package_discovery:discover_packages(prefix_path) using defaults
[0.927s] Level 5:colcon.colcon_core.verb:set package 'monitor' build argument 'cmake_args' from command line to 'None'
[0.927s] Level 5:colcon.colcon_core.verb:set package 'monitor' build argument 'cmake_target' from command line to 'None'
[0.927s] Level 5:colcon.colcon_core.verb:set package 'monitor' build argument 'cmake_target_skip_unavailable' from command line to 'False'
[0.927s] Level 5:colcon.colcon_core.verb:set package 'monitor' build argument 'cmake_clean_cache' from command line to 'False'
[0.928s] Level 5:colcon.colcon_core.verb:set package 'monitor' build argument 'cmake_clean_first' from command line to 'False'
[0.928s] Level 5:colcon.colcon_core.verb:set package 'monitor' build argument 'cmake_force_configure' from command line to 'False'
[0.928s] Level 5:colcon.colcon_core.verb:set package 'monitor' build argument 'ament_cmake_args' from command line to 'None'
[0.928s] Level 5:colcon.colcon_core.verb:set package 'monitor' build argument 'catkin_cmake_args' from command line to 'None'
[0.928s] Level 5:colcon.colcon_core.verb:set package 'monitor' build argument 'catkin_skip_building_tests' from command line to 'False'
[0.928s] DEBUG:colcon.colcon_core.verb:Building package 'monitor' with the following arguments: {'ament_cmake_args': None, 'build_base': '/home/avees/RTCSA_2024/src/merger/build/monitor', 'catkin_cmake_args': None, 'catkin_skip_building_tests': False, 'cmake_args': None, 'cmake_clean_cache': False, 'cmake_clean_first': False, 'cmake_force_configure': False, 'cmake_target': None, 'cmake_target_skip_unavailable': False, 'install_base': '/home/avees/RTCSA_2024/src/merger/install/monitor', 'merge_install': False, 'path': '/home/avees/RTCSA_2024/src/merger', 'symlink_install': False, 'test_result_base': None}
[0.928s] INFO:colcon.colcon_core.executor:Executing jobs using 'parallel' executor
[0.931s] DEBUG:colcon.colcon_parallel_executor.executor.parallel:run_until_complete
[0.931s] INFO:colcon.colcon_ros.task.ament_cmake.build:Building ROS package in '/home/avees/RTCSA_2024/src/merger' with build type 'ament_cmake'
[0.932s] INFO:colcon.colcon_cmake.task.cmake.build:Building CMake package in '/home/avees/RTCSA_2024/src/merger'
[0.936s] INFO:colcon.colcon_core.plugin_system:Skipping extension 'colcon_core.shell.bat': Not used on non-Windows systems
[0.936s] INFO:colcon.colcon_core.shell:Skip shell extension 'powershell' for command environment: Not usable outside of PowerShell
[0.937s] DEBUG:colcon.colcon_core.shell:Skip shell extension 'dsv' for command environment
[0.962s] DEBUG:colcon.colcon_core.event_handler.log_command:Invoking command in '/home/avees/RTCSA_2024/src/merger/build/monitor': CMAKE_PREFIX_PATH=${CMAKE_PREFIX_PATH}:/opt/ros/foxy /usr/bin/cmake --build /home/avees/RTCSA_2024/src/merger/build/monitor -- -j6 -l6
[24.708s] DEBUG:colcon.colcon_core.event_handler.log_command:Invoked command in '/home/avees/RTCSA_2024/src/merger/build/monitor' returned '0': CMAKE_PREFIX_PATH=${CMAKE_PREFIX_PATH}:/opt/ros/foxy /usr/bin/cmake --build /home/avees/RTCSA_2024/src/merger/build/monitor -- -j6 -l6
[24.830s] DEBUG:colcon.colcon_core.event_handler.log_command:Invoking command in '/home/avees/RTCSA_2024/src/merger/build/monitor': CMAKE_PREFIX_PATH=${CMAKE_PREFIX_PATH}:/opt/ros/foxy /usr/bin/cmake --install /home/avees/RTCSA_2024/src/merger/build/monitor
[24.880s] Level 1:colcon.colcon_core.environment:create_environment_scripts_only(monitor)
[24.882s] DEBUG:colcon.colcon_core.event_handler.log_command:Invoked command in '/home/avees/RTCSA_2024/src/merger/build/monitor' returned '0': CMAKE_PREFIX_PATH=${CMAKE_PREFIX_PATH}:/opt/ros/foxy /usr/bin/cmake --install /home/avees/RTCSA_2024/src/merger/build/monitor
[24.890s] Level 1:colcon.colcon_core.environment:checking '/home/avees/RTCSA_2024/src/merger/install/monitor' for CMake module files
[24.892s] Level 1:colcon.colcon_core.environment:checking '/home/avees/RTCSA_2024/src/merger/install/monitor' for CMake config files
[24.893s] Level 1:colcon.colcon_core.shell:create_environment_hook('monitor', 'cmake_prefix_path')
[24.894s] INFO:colcon.colcon_core.shell:Creating environment hook '/home/avees/RTCSA_2024/src/merger/install/monitor/share/monitor/hook/cmake_prefix_path.ps1'
[24.897s] INFO:colcon.colcon_core.shell:Creating environment descriptor '/home/avees/RTCSA_2024/src/merger/install/monitor/share/monitor/hook/cmake_prefix_path.dsv'
[24.898s] INFO:colcon.colcon_core.shell:Creating environment hook '/home/avees/RTCSA_2024/src/merger/install/monitor/share/monitor/hook/cmake_prefix_path.sh'
[24.902s] Level 1:colcon.colcon_core.environment:checking '/home/avees/RTCSA_2024/src/merger/install/monitor/lib'
[24.902s] Level 1:colcon.colcon_core.shell:create_environment_hook('monitor', 'ld_library_path_lib')
[24.903s] INFO:colcon.colcon_core.shell:Creating environment hook '/home/avees/RTCSA_2024/src/merger/install/monitor/share/monitor/hook/ld_library_path_lib.ps1'
[24.905s] INFO:colcon.colcon_core.shell:Creating environment descriptor '/home/avees/RTCSA_2024/src/merger/install/monitor/share/monitor/hook/ld_library_path_lib.dsv'
[24.906s] INFO:colcon.colcon_core.shell:Creating environment hook '/home/avees/RTCSA_2024/src/merger/install/monitor/share/monitor/hook/ld_library_path_lib.sh'
[24.907s] Level 1:colcon.colcon_core.environment:checking '/home/avees/RTCSA_2024/src/merger/install/monitor/bin'
[24.907s] Level 1:colcon.colcon_core.environment:checking '/home/avees/RTCSA_2024/src/merger/install/monitor/lib/pkgconfig/monitor.pc'
[24.907s] Level 1:colcon.colcon_core.environment:checking '/home/avees/RTCSA_2024/src/merger/install/monitor/lib/python3.8/site-packages'
[24.908s] Level 1:colcon.colcon_core.environment:checking '/home/avees/RTCSA_2024/src/merger/install/monitor/bin'
[24.909s] INFO:colcon.colcon_core.shell:Creating package script '/home/avees/RTCSA_2024/src/merger/install/monitor/share/monitor/package.ps1'
[24.911s] INFO:colcon.colcon_core.shell:Creating package descriptor '/home/avees/RTCSA_2024/src/merger/install/monitor/share/monitor/package.dsv'
[24.912s] INFO:colcon.colcon_core.shell:Creating package script '/home/avees/RTCSA_2024/src/merger/install/monitor/share/monitor/package.sh'
[24.913s] INFO:colcon.colcon_core.shell:Creating package script '/home/avees/RTCSA_2024/src/merger/install/monitor/share/monitor/package.bash'
[24.915s] INFO:colcon.colcon_core.shell:Creating package script '/home/avees/RTCSA_2024/src/merger/install/monitor/share/monitor/package.zsh'
[24.916s] Level 1:colcon.colcon_core.environment:create_file_with_runtime_dependencies(/home/avees/RTCSA_2024/src/merger/install/monitor/share/colcon-core/packages/monitor)
[25.002s] Level 1:colcon.colcon_core.environment:create_environment_scripts_only(monitor)
[25.003s] Level 1:colcon.colcon_core.environment:checking '/home/avees/RTCSA_2024/src/merger/install/monitor' for CMake module files
[25.005s] Level 1:colcon.colcon_core.environment:checking '/home/avees/RTCSA_2024/src/merger/install/monitor' for CMake config files
[25.005s] Level 1:colcon.colcon_core.shell:create_environment_hook('monitor', 'cmake_prefix_path')
[25.006s] INFO:colcon.colcon_core.shell:Creating environment hook '/home/avees/RTCSA_2024/src/merger/install/monitor/share/monitor/hook/cmake_prefix_path.ps1'
[25.015s] INFO:colcon.colcon_core.shell:Creating environment descriptor '/home/avees/RTCSA_2024/src/merger/install/monitor/share/monitor/hook/cmake_prefix_path.dsv'
[25.017s] INFO:colcon.colcon_core.shell:Creating environment hook '/home/avees/RTCSA_2024/src/merger/install/monitor/share/monitor/hook/cmake_prefix_path.sh'
[25.019s] Level 1:colcon.colcon_core.environment:checking '/home/avees/RTCSA_2024/src/merger/install/monitor/lib'
[25.019s] Level 1:colcon.colcon_core.shell:create_environment_hook('monitor', 'ld_library_path_lib')
[25.020s] INFO:colcon.colcon_core.shell:Creating environment hook '/home/avees/RTCSA_2024/src/merger/install/monitor/share/monitor/hook/ld_library_path_lib.ps1'
[25.021s] INFO:colcon.colcon_core.shell:Creating environment descriptor '/home/avees/RTCSA_2024/src/merger/install/monitor/share/monitor/hook/ld_library_path_lib.dsv'
[25.022s] INFO:colcon.colcon_core.shell:Creating environment hook '/home/avees/RTCSA_2024/src/merger/install/monitor/share/monitor/hook/ld_library_path_lib.sh'
[25.022s] Level 1:colcon.colcon_core.environment:checking '/home/avees/RTCSA_2024/src/merger/install/monitor/bin'
[25.023s] Level 1:colcon.colcon_core.environment:checking '/home/avees/RTCSA_2024/src/merger/install/monitor/lib/pkgconfig/monitor.pc'
[25.023s] Level 1:colcon.colcon_core.environment:checking '/home/avees/RTCSA_2024/src/merger/install/monitor/lib/python3.8/site-packages'
[25.024s] Level 1:colcon.colcon_core.environment:checking '/home/avees/RTCSA_2024/src/merger/install/monitor/bin'
[25.024s] INFO:colcon.colcon_core.shell:Creating package script '/home/avees/RTCSA_2024/src/merger/install/monitor/share/monitor/package.ps1'
[25.026s] INFO:colcon.colcon_core.shell:Creating package descriptor '/home/avees/RTCSA_2024/src/merger/install/monitor/share/monitor/package.dsv'
[25.027s] INFO:colcon.colcon_core.shell:Creating package script '/home/avees/RTCSA_2024/src/merger/install/monitor/share/monitor/package.sh'
[25.028s] INFO:colcon.colcon_core.shell:Creating package script '/home/avees/RTCSA_2024/src/merger/install/monitor/share/monitor/package.bash'
[25.029s] INFO:colcon.colcon_core.shell:Creating package script '/home/avees/RTCSA_2024/src/merger/install/monitor/share/monitor/package.zsh'
[25.029s] Level 1:colcon.colcon_core.environment:create_file_with_runtime_dependencies(/home/avees/RTCSA_2024/src/merger/install/monitor/share/colcon-core/packages/monitor)
[25.030s] DEBUG:colcon.colcon_parallel_executor.executor.parallel:closing loop
[25.032s] DEBUG:colcon.colcon_parallel_executor.executor.parallel:loop closed
[25.032s] DEBUG:colcon.colcon_parallel_executor.executor.parallel:run_until_complete finished with '0'
[25.032s] DEBUG:colcon.colcon_core.event_reactor:joining thread
[25.056s] INFO:colcon.colcon_core.plugin_system:Skipping extension 'colcon_notification.desktop_notification.terminal_notifier': Not used on non-Darwin systems
[25.056s] INFO:colcon.colcon_core.plugin_system:Skipping extension 'colcon_notification.desktop_notification.win32': Not used on non-Windows systems
[25.057s] INFO:colcon.colcon_notification.desktop_notification:Sending desktop notification using 'notify2'
[25.116s] DEBUG:colcon.colcon_core.event_reactor:joined thread
[25.117s] INFO:colcon.colcon_core.shell:Creating prefix script '/home/avees/RTCSA_2024/src/merger/install/local_setup.ps1'
[25.119s] INFO:colcon.colcon_core.shell:Creating prefix util module '/home/avees/RTCSA_2024/src/merger/install/_local_setup_util_ps1.py'
[25.123s] INFO:colcon.colcon_core.shell:Creating prefix chain script '/home/avees/RTCSA_2024/src/merger/install/setup.ps1'
[25.127s] INFO:colcon.colcon_core.shell:Creating prefix script '/home/avees/RTCSA_2024/src/merger/install/local_setup.sh'
[25.129s] INFO:colcon.colcon_core.shell:Creating prefix util module '/home/avees/RTCSA_2024/src/merger/install/_local_setup_util_sh.py'
[25.131s] INFO:colcon.colcon_core.shell:Creating prefix chain script '/home/avees/RTCSA_2024/src/merger/install/setup.sh'
[25.134s] INFO:colcon.colcon_core.shell:Creating prefix script '/home/avees/RTCSA_2024/src/merger/install/local_setup.bash'
[25.136s] INFO:colcon.colcon_core.shell:Creating prefix chain script '/home/avees/RTCSA_2024/src/merger/install/setup.bash'
[25.139s] INFO:colcon.colcon_core.shell:Creating prefix script '/home/avees/RTCSA_2024/src/merger/install/local_setup.zsh'
[25.141s] INFO:colcon.colcon_core.shell:Creating prefix chain script '/home/avees/RTCSA_2024/src/merger/install/setup.zsh'
