[35m[1mScanning dependencies of target demo_library[0m
[ 25%] [32mBuilding CXX object CMakeFiles/demo_library.dir/src/demo.cpp.o[0m
[ 50%] [32m[1mLinking CXX shared library libdemo_library.so[0m
[ 50%] Built target demo_library
[35m[1mScanning dependencies of target demo_node[0m
[ 75%] [32mBuilding CXX object CMakeFiles/demo_node.dir/src/exec/demo_exec.cpp.o[0m
[100%] [32m[1mLinking CXX executable demo_node[0m
[100%] Built target demo_node
-- Install configuration: ""
-- Installing: /home/avees/RTCSA_2024/src/merger/install/monitor/lib/libdemo_library.so
-- Set runtime path of "/home/avees/RTCSA_2024/src/merger/install/monitor/lib/libdemo_library.so" to ""
-- Installing: /home/avees/RTCSA_2024/src/merger/install/monitor/lib/monitor/demo_node
-- Set runtime path of "/home/avees/RTCSA_2024/src/merger/install/monitor/lib/monitor/demo_node" to ""
-- Up-to-date: /home/avees/RTCSA_2024/src/merger/install/monitor/share/ament_index/resource_index/package_run_dependencies/monitor
-- Up-to-date: /home/avees/RTCSA_2024/src/merger/install/monitor/share/ament_index/resource_index/parent_prefix_path/monitor
-- Up-to-date: /home/avees/RTCSA_2024/src/merger/install/monitor/share/monitor/environment/ament_prefix_path.sh
-- Up-to-date: /home/avees/RTCSA_2024/src/merger/install/monitor/share/monitor/environment/ament_prefix_path.dsv
-- Up-to-date: /home/avees/RTCSA_2024/src/merger/install/monitor/share/monitor/environment/path.sh
-- Up-to-date: /home/avees/RTCSA_2024/src/merger/install/monitor/share/monitor/environment/path.dsv
-- Up-to-date: /home/avees/RTCSA_2024/src/merger/install/monitor/share/monitor/local_setup.bash
-- Up-to-date: /home/avees/RTCSA_2024/src/merger/install/monitor/share/monitor/local_setup.sh
-- Up-to-date: /home/avees/RTCSA_2024/src/merger/install/monitor/share/monitor/local_setup.zsh
-- Up-to-date: /home/avees/RTCSA_2024/src/merger/install/monitor/share/monitor/local_setup.dsv
-- Installing: /home/avees/RTCSA_2024/src/merger/install/monitor/share/monitor/package.dsv
-- Up-to-date: /home/avees/RTCSA_2024/src/merger/install/monitor/share/ament_index/resource_index/packages/monitor
-- Up-to-date: /home/avees/RTCSA_2024/src/merger/install/monitor/share/monitor/cmake/monitorConfig.cmake
-- Up-to-date: /home/avees/RTCSA_2024/src/merger/install/monitor/share/monitor/cmake/monitorConfig-version.cmake
-- Up-to-date: /home/avees/RTCSA_2024/src/merger/install/monitor/share/monitor/package.xml
