[0.626s] DEBUG:colcon:Command line arguments: ['/usr/bin/colcon', 'build']
[0.626s] DEBUG:colcon:Parsed command line arguments: Namespace(allow_overriding=[], ament_cmake_args=None, base_paths=['.'], build_base='build', catkin_cmake_args=None, catkin_skip_building_tests=False, cmake_args=None, cmake_clean_cache=False, cmake_clean_first=False, cmake_force_configure=False, cmake_target=None, cmake_target_skip_unavailable=False, continue_on_error=False, event_handlers=None, executor='parallel', ignore_user_meta=False, install_base='install', log_base=None, log_level=None, main=<bound method BuildVerb.main of <colcon_core.verb.build.BuildVerb object at 0xffff8ee8f5e0>>, merge_install=False, metas=['./colcon.meta'], packages_above=None, packages_above_and_dependencies=None, packages_above_depth=None, packages_end=None, packages_ignore=None, packages_ignore_regex=None, packages_select=None, packages_select_build_failed=False, packages_select_by_dep=None, packages_select_regex=None, packages_select_test_failures=False, packages_skip=None, packages_skip_build_finished=False, packages_skip_by_dep=None, packages_skip_regex=None, packages_skip_test_passed=False, packages_skip_up_to=None, packages_start=None, packages_up_to=None, packages_up_to_regex=None, parallel_workers=6, paths=None, symlink_install=False, test_result_base=None, verb_extension=<colcon_core.verb.build.BuildVerb object at 0xffff8ee8f5e0>, verb_name='build', verb_parser=<colcon_defaults.argument_parser.defaults.DefaultArgumentsDecorator object at 0xffff8ee8fb20>)
[0.683s] Level 1:colcon.colcon_core.package_discovery:discover_packages(colcon_meta) check parameters
[0.683s] Level 1:colcon.colcon_core.package_discovery:discover_packages(recursive) check parameters
[0.683s] Level 1:colcon.colcon_core.package_discovery:discover_packages(ignore) check parameters
[0.683s] Level 1:colcon.colcon_core.package_discovery:discover_packages(path) check parameters
[0.683s] Level 1:colcon.colcon_core.package_discovery:discover_packages(colcon_meta) discover
[0.684s] Level 1:colcon.colcon_core.package_discovery:discover_packages(recursive) discover
[0.684s] INFO:colcon.colcon_core.package_discovery:Crawling recursively for packages in '/home/avees/RTCSA_2024/src/merger'
[0.684s] Level 1:colcon.colcon_core.package_identification:_identify(.) by extensions ['ignore', 'ignore_ament_install']
[0.684s] Level 1:colcon.colcon_core.package_identification:_identify(.) by extension 'ignore'
[0.684s] Level 1:colcon.colcon_core.package_identification:_identify(.) by extension 'ignore_ament_install'
[0.684s] Level 1:colcon.colcon_core.package_identification:_identify(.) by extensions ['colcon_pkg']
[0.685s] Level 1:colcon.colcon_core.package_identification:_identify(.) by extension 'colcon_pkg'
[0.685s] Level 1:colcon.colcon_core.package_identification:_identify(.) by extensions ['colcon_meta']
[0.685s] Level 1:colcon.colcon_core.package_identification:_identify(.) by extension 'colcon_meta'
[0.685s] Level 1:colcon.colcon_core.package_identification:_identify(.) by extensions ['ros']
[0.685s] Level 1:colcon.colcon_core.package_identification:_identify(.) by extension 'ros'
[0.740s] DEBUG:colcon.colcon_core.package_identification:Package '.' with type 'ros.ament_cmake' and name 'monitor'
[0.740s] Level 1:colcon.colcon_core.package_discovery:discover_packages(recursive) using defaults
[0.740s] Level 1:colcon.colcon_core.package_discovery:discover_packages(ignore) discover
[0.740s] Level 1:colcon.colcon_core.package_discovery:discover_packages(ignore) using defaults
[0.740s] Level 1:colcon.colcon_core.package_discovery:discover_packages(path) discover
[0.740s] Level 1:colcon.colcon_core.package_discovery:discover_packages(path) using defaults
[0.782s] Level 1:colcon.colcon_core.package_discovery:discover_packages(prefix_path) check parameters
[0.782s] Level 1:colcon.colcon_core.package_discovery:discover_packages(prefix_path) discover
[0.788s] DEBUG:colcon.colcon_installed_package_information.package_discovery:Found 3 installed packages in /home/avees/RTCSA_2024/install
[0.792s] DEBUG:colcon.colcon_installed_package_information.package_discovery:Found 260 installed packages in /opt/ros/foxy
[0.795s] Level 1:colcon.colcon_core.package_discovery:discover_packages(prefix_path) using defaults
[0.929s] Level 5:colcon.colcon_core.verb:set package 'monitor' build argument 'cmake_args' from command line to 'None'
[0.930s] Level 5:colcon.colcon_core.verb:set package 'monitor' build argument 'cmake_target' from command line to 'None'
[0.930s] Level 5:colcon.colcon_core.verb:set package 'monitor' build argument 'cmake_target_skip_unavailable' from command line to 'False'
[0.930s] Level 5:colcon.colcon_core.verb:set package 'monitor' build argument 'cmake_clean_cache' from command line to 'False'
[0.930s] Level 5:colcon.colcon_core.verb:set package 'monitor' build argument 'cmake_clean_first' from command line to 'False'
[0.930s] Level 5:colcon.colcon_core.verb:set package 'monitor' build argument 'cmake_force_configure' from command line to 'False'
[0.930s] Level 5:colcon.colcon_core.verb:set package 'monitor' build argument 'ament_cmake_args' from command line to 'None'
[0.930s] Level 5:colcon.colcon_core.verb:set package 'monitor' build argument 'catkin_cmake_args' from command line to 'None'
[0.930s] Level 5:colcon.colcon_core.verb:set package 'monitor' build argument 'catkin_skip_building_tests' from command line to 'False'
[0.930s] DEBUG:colcon.colcon_core.verb:Building package 'monitor' with the following arguments: {'ament_cmake_args': None, 'build_base': '/home/avees/RTCSA_2024/src/merger/build/monitor', 'catkin_cmake_args': None, 'catkin_skip_building_tests': False, 'cmake_args': None, 'cmake_clean_cache': False, 'cmake_clean_first': False, 'cmake_force_configure': False, 'cmake_target': None, 'cmake_target_skip_unavailable': False, 'install_base': '/home/avees/RTCSA_2024/src/merger/install/monitor', 'merge_install': False, 'path': '/home/avees/RTCSA_2024/src/merger', 'symlink_install': False, 'test_result_base': None}
[0.932s] INFO:colcon.colcon_core.executor:Executing jobs using 'parallel' executor
[0.939s] DEBUG:colcon.colcon_parallel_executor.executor.parallel:run_until_complete
[0.940s] INFO:colcon.colcon_ros.task.ament_cmake.build:Building ROS package in '/home/avees/RTCSA_2024/src/merger' with build type 'ament_cmake'
[0.940s] INFO:colcon.colcon_cmake.task.cmake.build:Building CMake package in '/home/avees/RTCSA_2024/src/merger'
[0.950s] INFO:colcon.colcon_core.plugin_system:Skipping extension 'colcon_core.shell.bat': Not used on non-Windows systems
[0.950s] INFO:colcon.colcon_core.shell:Skip shell extension 'powershell' for command environment: Not usable outside of PowerShell
[0.950s] DEBUG:colcon.colcon_core.shell:Skip shell extension 'dsv' for command environment
[0.982s] DEBUG:colcon.colcon_core.event_handler.log_command:Invoking command in '/home/avees/RTCSA_2024/src/merger/build/monitor': CMAKE_PREFIX_PATH=${CMAKE_PREFIX_PATH}:/opt/ros/foxy /usr/bin/cmake --build /home/avees/RTCSA_2024/src/merger/build/monitor -- -j6 -l6
[31.713s] DEBUG:colcon.colcon_core.event_handler.log_command:Invoked command in '/home/avees/RTCSA_2024/src/merger/build/monitor' returned '0': CMAKE_PREFIX_PATH=${CMAKE_PREFIX_PATH}:/opt/ros/foxy /usr/bin/cmake --build /home/avees/RTCSA_2024/src/merger/build/monitor -- -j6 -l6
[31.867s] DEBUG:colcon.colcon_core.event_handler.log_command:Invoking command in '/home/avees/RTCSA_2024/src/merger/build/monitor': CMAKE_PREFIX_PATH=${CMAKE_PREFIX_PATH}:/opt/ros/foxy /usr/bin/cmake --install /home/avees/RTCSA_2024/src/merger/build/monitor
[31.927s] Level 1:colcon.colcon_core.environment:create_environment_scripts_only(monitor)
[31.931s] DEBUG:colcon.colcon_core.event_handler.log_command:Invoked command in '/home/avees/RTCSA_2024/src/merger/build/monitor' returned '0': CMAKE_PREFIX_PATH=${CMAKE_PREFIX_PATH}:/opt/ros/foxy /usr/bin/cmake --install /home/avees/RTCSA_2024/src/merger/build/monitor
[31.948s] Level 1:colcon.colcon_core.environment:checking '/home/avees/RTCSA_2024/src/merger/install/monitor' for CMake module files
[31.950s] Level 1:colcon.colcon_core.environment:checking '/home/avees/RTCSA_2024/src/merger/install/monitor' for CMake config files
[31.951s] Level 1:colcon.colcon_core.shell:create_environment_hook('monitor', 'cmake_prefix_path')
[31.954s] INFO:colcon.colcon_core.shell:Creating environment hook '/home/avees/RTCSA_2024/src/merger/install/monitor/share/monitor/hook/cmake_prefix_path.ps1'
[31.957s] INFO:colcon.colcon_core.shell:Creating environment descriptor '/home/avees/RTCSA_2024/src/merger/install/monitor/share/monitor/hook/cmake_prefix_path.dsv'
[31.958s] INFO:colcon.colcon_core.shell:Creating environment hook '/home/avees/RTCSA_2024/src/merger/install/monitor/share/monitor/hook/cmake_prefix_path.sh'
[31.961s] Level 1:colcon.colcon_core.environment:checking '/home/avees/RTCSA_2024/src/merger/install/monitor/lib'
[31.961s] Level 1:colcon.colcon_core.shell:create_environment_hook('monitor', 'ld_library_path_lib')
[31.965s] INFO:colcon.colcon_core.shell:Creating environment hook '/home/avees/RTCSA_2024/src/merger/install/monitor/share/monitor/hook/ld_library_path_lib.ps1'
[31.966s] INFO:colcon.colcon_core.shell:Creating environment descriptor '/home/avees/RTCSA_2024/src/merger/install/monitor/share/monitor/hook/ld_library_path_lib.dsv'
[31.966s] INFO:colcon.colcon_core.shell:Creating environment hook '/home/avees/RTCSA_2024/src/merger/install/monitor/share/monitor/hook/ld_library_path_lib.sh'
[31.967s] Level 1:colcon.colcon_core.environment:checking '/home/avees/RTCSA_2024/src/merger/install/monitor/bin'
[31.967s] Level 1:colcon.colcon_core.environment:checking '/home/avees/RTCSA_2024/src/merger/install/monitor/lib/pkgconfig/monitor.pc'
[31.968s] Level 1:colcon.colcon_core.environment:checking '/home/avees/RTCSA_2024/src/merger/install/monitor/lib/python3.8/site-packages'
[31.968s] Level 1:colcon.colcon_core.environment:checking '/home/avees/RTCSA_2024/src/merger/install/monitor/bin'
[31.971s] INFO:colcon.colcon_core.shell:Creating package script '/home/avees/RTCSA_2024/src/merger/install/monitor/share/monitor/package.ps1'
[31.973s] INFO:colcon.colcon_core.shell:Creating package descriptor '/home/avees/RTCSA_2024/src/merger/install/monitor/share/monitor/package.dsv'
[31.975s] INFO:colcon.colcon_core.shell:Creating package script '/home/avees/RTCSA_2024/src/merger/install/monitor/share/monitor/package.sh'
[31.980s] INFO:colcon.colcon_core.shell:Creating package script '/home/avees/RTCSA_2024/src/merger/install/monitor/share/monitor/package.bash'
[31.982s] INFO:colcon.colcon_core.shell:Creating package script '/home/avees/RTCSA_2024/src/merger/install/monitor/share/monitor/package.zsh'
[31.983s] Level 1:colcon.colcon_core.environment:create_file_with_runtime_dependencies(/home/avees/RTCSA_2024/src/merger/install/monitor/share/colcon-core/packages/monitor)
[32.064s] Level 1:colcon.colcon_core.environment:create_environment_scripts_only(monitor)
[32.068s] Level 1:colcon.colcon_core.environment:checking '/home/avees/RTCSA_2024/src/merger/install/monitor' for CMake module files
[32.070s] Level 1:colcon.colcon_core.environment:checking '/home/avees/RTCSA_2024/src/merger/install/monitor' for CMake config files
[32.070s] Level 1:colcon.colcon_core.shell:create_environment_hook('monitor', 'cmake_prefix_path')
[32.073s] INFO:colcon.colcon_core.shell:Creating environment hook '/home/avees/RTCSA_2024/src/merger/install/monitor/share/monitor/hook/cmake_prefix_path.ps1'
[32.075s] INFO:colcon.colcon_core.shell:Creating environment descriptor '/home/avees/RTCSA_2024/src/merger/install/monitor/share/monitor/hook/cmake_prefix_path.dsv'
[32.076s] INFO:colcon.colcon_core.shell:Creating environment hook '/home/avees/RTCSA_2024/src/merger/install/monitor/share/monitor/hook/cmake_prefix_path.sh'
[32.077s] Level 1:colcon.colcon_core.environment:checking '/home/avees/RTCSA_2024/src/merger/install/monitor/lib'
[32.077s] Level 1:colcon.colcon_core.shell:create_environment_hook('monitor', 'ld_library_path_lib')
[32.081s] INFO:colcon.colcon_core.shell:Creating environment hook '/home/avees/RTCSA_2024/src/merger/install/monitor/share/monitor/hook/ld_library_path_lib.ps1'
[32.082s] INFO:colcon.colcon_core.shell:Creating environment descriptor '/home/avees/RTCSA_2024/src/merger/install/monitor/share/monitor/hook/ld_library_path_lib.dsv'
[32.082s] INFO:colcon.colcon_core.shell:Creating environment hook '/home/avees/RTCSA_2024/src/merger/install/monitor/share/monitor/hook/ld_library_path_lib.sh'
[32.083s] Level 1:colcon.colcon_core.environment:checking '/home/avees/RTCSA_2024/src/merger/install/monitor/bin'
[32.083s] Level 1:colcon.colcon_core.environment:checking '/home/avees/RTCSA_2024/src/merger/install/monitor/lib/pkgconfig/monitor.pc'
[32.084s] Level 1:colcon.colcon_core.environment:checking '/home/avees/RTCSA_2024/src/merger/install/monitor/lib/python3.8/site-packages'
[32.085s] Level 1:colcon.colcon_core.environment:checking '/home/avees/RTCSA_2024/src/merger/install/monitor/bin'
[32.088s] INFO:colcon.colcon_core.shell:Creating package script '/home/avees/RTCSA_2024/src/merger/install/monitor/share/monitor/package.ps1'
[32.112s] INFO:colcon.colcon_core.shell:Creating package descriptor '/home/avees/RTCSA_2024/src/merger/install/monitor/share/monitor/package.dsv'
[32.114s] INFO:colcon.colcon_core.shell:Creating package script '/home/avees/RTCSA_2024/src/merger/install/monitor/share/monitor/package.sh'
[32.115s] INFO:colcon.colcon_core.shell:Creating package script '/home/avees/RTCSA_2024/src/merger/install/monitor/share/monitor/package.bash'
[32.116s] INFO:colcon.colcon_core.shell:Creating package script '/home/avees/RTCSA_2024/src/merger/install/monitor/share/monitor/package.zsh'
[32.117s] Level 1:colcon.colcon_core.environment:create_file_with_runtime_dependencies(/home/avees/RTCSA_2024/src/merger/install/monitor/share/colcon-core/packages/monitor)
[32.118s] DEBUG:colcon.colcon_parallel_executor.executor.parallel:closing loop
[32.119s] DEBUG:colcon.colcon_parallel_executor.executor.parallel:loop closed
[32.119s] DEBUG:colcon.colcon_parallel_executor.executor.parallel:run_until_complete finished with '0'
[32.120s] DEBUG:colcon.colcon_core.event_reactor:joining thread
[32.135s] INFO:colcon.colcon_core.plugin_system:Skipping extension 'colcon_notification.desktop_notification.terminal_notifier': Not used on non-Darwin systems
[32.135s] INFO:colcon.colcon_core.plugin_system:Skipping extension 'colcon_notification.desktop_notification.win32': Not used on non-Windows systems
[32.135s] INFO:colcon.colcon_notification.desktop_notification:Sending desktop notification using 'notify2'
[32.185s] DEBUG:colcon.colcon_core.event_reactor:joined thread
[32.190s] INFO:colcon.colcon_core.shell:Creating prefix script '/home/avees/RTCSA_2024/src/merger/install/local_setup.ps1'
[32.193s] INFO:colcon.colcon_core.shell:Creating prefix util module '/home/avees/RTCSA_2024/src/merger/install/_local_setup_util_ps1.py'
[32.203s] INFO:colcon.colcon_core.shell:Creating prefix chain script '/home/avees/RTCSA_2024/src/merger/install/setup.ps1'
[32.208s] INFO:colcon.colcon_core.shell:Creating prefix script '/home/avees/RTCSA_2024/src/merger/install/local_setup.sh'
[32.209s] INFO:colcon.colcon_core.shell:Creating prefix util module '/home/avees/RTCSA_2024/src/merger/install/_local_setup_util_sh.py'
[32.210s] INFO:colcon.colcon_core.shell:Creating prefix chain script '/home/avees/RTCSA_2024/src/merger/install/setup.sh'
[32.213s] INFO:colcon.colcon_core.shell:Creating prefix script '/home/avees/RTCSA_2024/src/merger/install/local_setup.bash'
[32.214s] INFO:colcon.colcon_core.shell:Creating prefix chain script '/home/avees/RTCSA_2024/src/merger/install/setup.bash'
[32.217s] INFO:colcon.colcon_core.shell:Creating prefix script '/home/avees/RTCSA_2024/src/merger/install/local_setup.zsh'
[32.217s] INFO:colcon.colcon_core.shell:Creating prefix chain script '/home/avees/RTCSA_2024/src/merger/install/setup.zsh'
