[0.424s] DEBUG:colcon:Command line arguments: ['/usr/bin/colcon', 'build']
[0.424s] DEBUG:colcon:Parsed command line arguments: Namespace(allow_overriding=[], ament_cmake_args=None, base_paths=['.'], build_base='build', catkin_cmake_args=None, catkin_skip_building_tests=False, cmake_args=None, cmake_clean_cache=False, cmake_clean_first=False, cmake_force_configure=False, cmake_target=None, cmake_target_skip_unavailable=False, continue_on_error=False, event_handlers=None, executor='parallel', ignore_user_meta=False, install_base='install', log_base=None, log_level=None, main=<bound method BuildVerb.main of <colcon_core.verb.build.BuildVerb object at 0xffffae83bfa0>>, merge_install=False, metas=['./colcon.meta'], packages_above=None, packages_above_and_dependencies=None, packages_above_depth=None, packages_end=None, packages_ignore=None, packages_ignore_regex=None, packages_select=None, packages_select_build_failed=False, packages_select_by_dep=None, packages_select_regex=None, packages_select_test_failures=False, packages_skip=None, packages_skip_build_finished=False, packages_skip_by_dep=None, packages_skip_regex=None, packages_skip_test_passed=False, packages_skip_up_to=None, packages_start=None, packages_up_to=None, packages_up_to_regex=None, parallel_workers=6, paths=None, symlink_install=False, test_result_base=None, verb_extension=<colcon_core.verb.build.BuildVerb object at 0xffffae83bfa0>, verb_name='build', verb_parser=<colcon_defaults.argument_parser.defaults.DefaultArgumentsDecorator object at 0xffffae7ce4f0>)
[0.902s] Level 1:colcon.colcon_core.package_discovery:discover_packages(colcon_meta) check parameters
[0.902s] Level 1:colcon.colcon_core.package_discovery:discover_packages(recursive) check parameters
[0.903s] Level 1:colcon.colcon_core.package_discovery:discover_packages(ignore) check parameters
[0.903s] Level 1:colcon.colcon_core.package_discovery:discover_packages(path) check parameters
[0.903s] Level 1:colcon.colcon_core.package_discovery:discover_packages(colcon_meta) discover
[0.903s] Level 1:colcon.colcon_core.package_discovery:discover_packages(recursive) discover
[0.903s] INFO:colcon.colcon_core.package_discovery:Crawling recursively for packages in '/home/avees/RTCSA_2024/src/merger'
[0.903s] Level 1:colcon.colcon_core.package_identification:_identify(.) by extensions ['ignore', 'ignore_ament_install']
[0.904s] Level 1:colcon.colcon_core.package_identification:_identify(.) by extension 'ignore'
[0.904s] Level 1:colcon.colcon_core.package_identification:_identify(.) by extension 'ignore_ament_install'
[0.904s] Level 1:colcon.colcon_core.package_identification:_identify(.) by extensions ['colcon_pkg']
[0.904s] Level 1:colcon.colcon_core.package_identification:_identify(.) by extension 'colcon_pkg'
[0.904s] Level 1:colcon.colcon_core.package_identification:_identify(.) by extensions ['colcon_meta']
[0.904s] Level 1:colcon.colcon_core.package_identification:_identify(.) by extension 'colcon_meta'
[0.904s] Level 1:colcon.colcon_core.package_identification:_identify(.) by extensions ['ros']
[0.904s] Level 1:colcon.colcon_core.package_identification:_identify(.) by extension 'ros'
[0.941s] DEBUG:colcon.colcon_core.package_identification:Package '.' with type 'ros.ament_cmake' and name 'monitor'
[0.941s] Level 1:colcon.colcon_core.package_discovery:discover_packages(recursive) using defaults
[0.942s] Level 1:colcon.colcon_core.package_discovery:discover_packages(ignore) discover
[0.942s] Level 1:colcon.colcon_core.package_discovery:discover_packages(ignore) using defaults
[0.942s] Level 1:colcon.colcon_core.package_discovery:discover_packages(path) discover
[0.942s] Level 1:colcon.colcon_core.package_discovery:discover_packages(path) using defaults
[0.979s] Level 1:colcon.colcon_core.package_discovery:discover_packages(prefix_path) check parameters
[0.979s] Level 1:colcon.colcon_core.package_discovery:discover_packages(prefix_path) discover
[0.984s] DEBUG:colcon.colcon_installed_package_information.package_discovery:Found 3 installed packages in /home/avees/RTCSA_2024/install
[0.986s] DEBUG:colcon.colcon_installed_package_information.package_discovery:Found 260 installed packages in /opt/ros/foxy
[0.989s] Level 1:colcon.colcon_core.package_discovery:discover_packages(prefix_path) using defaults
[1.165s] Level 5:colcon.colcon_core.verb:set package 'monitor' build argument 'cmake_args' from command line to 'None'
[1.165s] Level 5:colcon.colcon_core.verb:set package 'monitor' build argument 'cmake_target' from command line to 'None'
[1.165s] Level 5:colcon.colcon_core.verb:set package 'monitor' build argument 'cmake_target_skip_unavailable' from command line to 'False'
[1.165s] Level 5:colcon.colcon_core.verb:set package 'monitor' build argument 'cmake_clean_cache' from command line to 'False'
[1.165s] Level 5:colcon.colcon_core.verb:set package 'monitor' build argument 'cmake_clean_first' from command line to 'False'
[1.165s] Level 5:colcon.colcon_core.verb:set package 'monitor' build argument 'cmake_force_configure' from command line to 'False'
[1.165s] Level 5:colcon.colcon_core.verb:set package 'monitor' build argument 'ament_cmake_args' from command line to 'None'
[1.165s] Level 5:colcon.colcon_core.verb:set package 'monitor' build argument 'catkin_cmake_args' from command line to 'None'
[1.165s] Level 5:colcon.colcon_core.verb:set package 'monitor' build argument 'catkin_skip_building_tests' from command line to 'False'
[1.166s] DEBUG:colcon.colcon_core.verb:Building package 'monitor' with the following arguments: {'ament_cmake_args': None, 'build_base': '/home/avees/RTCSA_2024/src/merger/build/monitor', 'catkin_cmake_args': None, 'catkin_skip_building_tests': False, 'cmake_args': None, 'cmake_clean_cache': False, 'cmake_clean_first': False, 'cmake_force_configure': False, 'cmake_target': None, 'cmake_target_skip_unavailable': False, 'install_base': '/home/avees/RTCSA_2024/src/merger/install/monitor', 'merge_install': False, 'path': '/home/avees/RTCSA_2024/src/merger', 'symlink_install': False, 'test_result_base': None}
[1.166s] INFO:colcon.colcon_core.executor:Executing jobs using 'parallel' executor
[1.170s] DEBUG:colcon.colcon_parallel_executor.executor.parallel:run_until_complete
[1.170s] INFO:colcon.colcon_ros.task.ament_cmake.build:Building ROS package in '/home/avees/RTCSA_2024/src/merger' with build type 'ament_cmake'
[1.171s] INFO:colcon.colcon_cmake.task.cmake.build:Building CMake package in '/home/avees/RTCSA_2024/src/merger'
[1.176s] INFO:colcon.colcon_core.plugin_system:Skipping extension 'colcon_core.shell.bat': Not used on non-Windows systems
[1.177s] INFO:colcon.colcon_core.shell:Skip shell extension 'powershell' for command environment: Not usable outside of PowerShell
[1.177s] DEBUG:colcon.colcon_core.shell:Skip shell extension 'dsv' for command environment
[1.335s] DEBUG:colcon.colcon_core.event_handler.log_command:Invoking command in '/home/avees/RTCSA_2024/src/merger/build/monitor': CMAKE_PREFIX_PATH=${CMAKE_PREFIX_PATH}:/opt/ros/foxy /usr/bin/cmake --build /home/avees/RTCSA_2024/src/merger/build/monitor -- -j6 -l6
[6.114s] DEBUG:colcon.colcon_parallel_executor.executor.parallel:run_until_complete was interrupted
[6.115s] DEBUG:colcon.colcon_parallel_executor.executor.parallel:run_until_complete again
[6.144s] DEBUG:colcon.colcon_core.event_handler.log_command:Invoked command in '/home/avees/RTCSA_2024/src/merger/build/monitor' returned '-2': CMAKE_PREFIX_PATH=${CMAKE_PREFIX_PATH}:/opt/ros/foxy /usr/bin/cmake --build /home/avees/RTCSA_2024/src/merger/build/monitor -- -j6 -l6
[6.211s] Level 1:colcon.colcon_core.environment:create_environment_scripts_only(monitor)
[6.221s] Level 1:colcon.colcon_core.environment:checking '/home/avees/RTCSA_2024/src/merger/install/monitor' for CMake module files
[6.222s] Level 1:colcon.colcon_core.environment:checking '/home/avees/RTCSA_2024/src/merger/install/monitor' for CMake config files
[6.222s] Level 1:colcon.colcon_core.shell:create_environment_hook('monitor', 'cmake_prefix_path')
[6.223s] INFO:colcon.colcon_core.shell:Creating environment hook '/home/avees/RTCSA_2024/src/merger/install/monitor/share/monitor/hook/cmake_prefix_path.ps1'
[6.226s] INFO:colcon.colcon_core.shell:Creating environment descriptor '/home/avees/RTCSA_2024/src/merger/install/monitor/share/monitor/hook/cmake_prefix_path.dsv'
[6.228s] INFO:colcon.colcon_core.shell:Creating environment hook '/home/avees/RTCSA_2024/src/merger/install/monitor/share/monitor/hook/cmake_prefix_path.sh'
[6.232s] Level 1:colcon.colcon_core.environment:checking '/home/avees/RTCSA_2024/src/merger/install/monitor/lib'
[6.233s] Level 1:colcon.colcon_core.shell:create_environment_hook('monitor', 'ld_library_path_lib')
[6.234s] INFO:colcon.colcon_core.shell:Creating environment hook '/home/avees/RTCSA_2024/src/merger/install/monitor/share/monitor/hook/ld_library_path_lib.ps1'
[6.235s] INFO:colcon.colcon_core.shell:Creating environment descriptor '/home/avees/RTCSA_2024/src/merger/install/monitor/share/monitor/hook/ld_library_path_lib.dsv'
[6.236s] INFO:colcon.colcon_core.shell:Creating environment hook '/home/avees/RTCSA_2024/src/merger/install/monitor/share/monitor/hook/ld_library_path_lib.sh'
[6.236s] Level 1:colcon.colcon_core.environment:checking '/home/avees/RTCSA_2024/src/merger/install/monitor/bin'
[6.237s] Level 1:colcon.colcon_core.environment:checking '/home/avees/RTCSA_2024/src/merger/install/monitor/lib/pkgconfig/monitor.pc'
[6.237s] Level 1:colcon.colcon_core.environment:checking '/home/avees/RTCSA_2024/src/merger/install/monitor/lib/python3.8/site-packages'
[6.238s] Level 1:colcon.colcon_core.environment:checking '/home/avees/RTCSA_2024/src/merger/install/monitor/bin'
[6.238s] INFO:colcon.colcon_core.shell:Creating package script '/home/avees/RTCSA_2024/src/merger/install/monitor/share/monitor/package.ps1'
[6.240s] INFO:colcon.colcon_core.shell:Creating package descriptor '/home/avees/RTCSA_2024/src/merger/install/monitor/share/monitor/package.dsv'
[6.242s] INFO:colcon.colcon_core.shell:Creating package script '/home/avees/RTCSA_2024/src/merger/install/monitor/share/monitor/package.sh'
[6.244s] INFO:colcon.colcon_core.shell:Creating package script '/home/avees/RTCSA_2024/src/merger/install/monitor/share/monitor/package.bash'
[6.246s] INFO:colcon.colcon_core.shell:Creating package script '/home/avees/RTCSA_2024/src/merger/install/monitor/share/monitor/package.zsh'
[6.247s] Level 1:colcon.colcon_core.environment:create_file_with_runtime_dependencies(/home/avees/RTCSA_2024/src/merger/install/monitor/share/colcon-core/packages/monitor)
[6.258s] DEBUG:colcon.colcon_parallel_executor.executor.parallel:run_until_complete finished
[6.258s] DEBUG:colcon.colcon_parallel_executor.executor.parallel:closing loop
[6.259s] DEBUG:colcon.colcon_parallel_executor.executor.parallel:loop closed
[6.259s] DEBUG:colcon.colcon_core.event_reactor:joining thread
[6.275s] INFO:colcon.colcon_core.plugin_system:Skipping extension 'colcon_notification.desktop_notification.terminal_notifier': Not used on non-Darwin systems
[6.276s] INFO:colcon.colcon_core.plugin_system:Skipping extension 'colcon_notification.desktop_notification.win32': Not used on non-Windows systems
[6.276s] INFO:colcon.colcon_notification.desktop_notification:Sending desktop notification using 'notify2'
[6.345s] DEBUG:colcon.colcon_core.event_reactor:joined thread
[6.347s] INFO:colcon.colcon_core.shell:Creating prefix script '/home/avees/RTCSA_2024/src/merger/install/local_setup.ps1'
[6.350s] INFO:colcon.colcon_core.shell:Creating prefix util module '/home/avees/RTCSA_2024/src/merger/install/_local_setup_util_ps1.py'
[6.353s] INFO:colcon.colcon_core.shell:Creating prefix chain script '/home/avees/RTCSA_2024/src/merger/install/setup.ps1'
[6.356s] INFO:colcon.colcon_core.shell:Creating prefix script '/home/avees/RTCSA_2024/src/merger/install/local_setup.sh'
[6.357s] INFO:colcon.colcon_core.shell:Creating prefix util module '/home/avees/RTCSA_2024/src/merger/install/_local_setup_util_sh.py'
[6.358s] INFO:colcon.colcon_core.shell:Creating prefix chain script '/home/avees/RTCSA_2024/src/merger/install/setup.sh'
[6.361s] INFO:colcon.colcon_core.shell:Creating prefix script '/home/avees/RTCSA_2024/src/merger/install/local_setup.bash'
[6.362s] INFO:colcon.colcon_core.shell:Creating prefix chain script '/home/avees/RTCSA_2024/src/merger/install/setup.bash'
[6.364s] INFO:colcon.colcon_core.shell:Creating prefix script '/home/avees/RTCSA_2024/src/merger/install/local_setup.zsh'
[6.366s] INFO:colcon.colcon_core.shell:Creating prefix chain script '/home/avees/RTCSA_2024/src/merger/install/setup.zsh'
